{"msg":"init","dagFile":"Library/Bee/200b0aE.dag","targets":["ScriptAssemblies"]}
{"msg":"enqueueNode","enqueuedNodeAnnotation":"ScriptAssemblies","enqueuedNodeIndex":4}
{"msg":"enqueueNode","enqueuedNodeAnnotation":"CopyTool Library/ScriptAssemblies/Assembly-CSharp.pdb","enqueuedNodeIndex":222,"enqueueingNodeAnnotation":"ScriptAssemblies","enqueueingNodeIndex":4}
{"msg":"enqueueNode","enqueuedNodeAnnotation":"CopyTool Library/ScriptAssemblies/Assembly-CSharp.dll","enqueuedNodeIndex":221,"enqueueingNodeAnnotation":"ScriptAssemblies","enqueueingNodeIndex":4}
{"msg":"enqueueNode","enqueuedNodeAnnotation":"CopyTool Library/ScriptAssemblies/VSSettingsProvider.pdb","enqueuedNodeIndex":220,"enqueueingNodeAnnotation":"ScriptAssemblies","enqueueingNodeIndex":4}
{"msg":"enqueueNode","enqueuedNodeAnnotation":"CopyTool Library/ScriptAssemblies/VSSettingsProvider.dll","enqueuedNodeIndex":219,"enqueueingNodeAnnotation":"ScriptAssemblies","enqueueingNodeIndex":4}
{"msg":"enqueueNode","enqueuedNodeAnnotation":"CopyTool Library/ScriptAssemblies/Unity.VisualScripting.State.Editor.pdb","enqueuedNodeIndex":218,"enqueueingNodeAnnotation":"ScriptAssemblies","enqueueingNodeIndex":4}
{"msg":"enqueueNode","enqueuedNodeAnnotation":"CopyTool Library/ScriptAssemblies/Unity.VisualScripting.State.Editor.dll","enqueuedNodeIndex":217,"enqueueingNodeAnnotation":"ScriptAssemblies","enqueueingNodeIndex":4}
{"msg":"enqueueNode","enqueuedNodeAnnotation":"CopyTool Library/ScriptAssemblies/Unity.VisualScripting.State.pdb","enqueuedNodeIndex":216,"enqueueingNodeAnnotation":"ScriptAssemblies","enqueueingNodeIndex":4}
{"msg":"enqueueNode","enqueuedNodeAnnotation":"CopyTool Library/ScriptAssemblies/Unity.VisualScripting.State.dll","enqueuedNodeIndex":215,"enqueueingNodeAnnotation":"ScriptAssemblies","enqueueingNodeIndex":4}
{"msg":"enqueueNode","enqueuedNodeAnnotation":"CopyTool Library/ScriptAssemblies/Unity.VisualScripting.Flow.Editor.pdb","enqueuedNodeIndex":214,"enqueueingNodeAnnotation":"ScriptAssemblies","enqueueingNodeIndex":4}
{"msg":"enqueueNode","enqueuedNodeAnnotation":"CopyTool Library/ScriptAssemblies/Unity.VisualScripting.Flow.Editor.dll","enqueuedNodeIndex":213,"enqueueingNodeAnnotation":"ScriptAssemblies","enqueueingNodeIndex":4}
{"msg":"enqueueNode","enqueuedNodeAnnotation":"CopyTool Library/ScriptAssemblies/Unity.VisualStudio.Editor.pdb","enqueuedNodeIndex":212,"enqueueingNodeAnnotation":"ScriptAssemblies","enqueueingNodeIndex":4}
{"msg":"enqueueNode","enqueuedNodeAnnotation":"CopyTool Library/ScriptAssemblies/Unity.VisualStudio.Editor.dll","enqueuedNodeIndex":211,"enqueueingNodeAnnotation":"ScriptAssemblies","enqueueingNodeIndex":4}
{"msg":"enqueueNode","enqueuedNodeAnnotation":"CopyTool Library/ScriptAssemblies/Unity.VisualScripting.Flow.pdb","enqueuedNodeIndex":210,"enqueueingNodeAnnotation":"ScriptAssemblies","enqueueingNodeIndex":4}
{"msg":"enqueueNode","enqueuedNodeAnnotation":"CopyTool Library/ScriptAssemblies/Unity.VisualScripting.Flow.dll","enqueuedNodeIndex":209,"enqueueingNodeAnnotation":"ScriptAssemblies","enqueueingNodeIndex":4}
{"msg":"enqueueNode","enqueuedNodeAnnotation":"CopyTool Library/ScriptAssemblies/Unity.VisualScripting.Core.Editor.pdb","enqueuedNodeIndex":208,"enqueueingNodeAnnotation":"ScriptAssemblies","enqueueingNodeIndex":4}
{"msg":"enqueueNode","enqueuedNodeAnnotation":"CopyTool Library/ScriptAssemblies/Unity.VisualScripting.Core.Editor.dll","enqueuedNodeIndex":207,"enqueueingNodeAnnotation":"ScriptAssemblies","enqueueingNodeIndex":4}
{"msg":"enqueueNode","enqueuedNodeAnnotation":"CopyTool Library/ScriptAssemblies/Unity.VSCode.Editor.pdb","enqueuedNodeIndex":206,"enqueueingNodeAnnotation":"ScriptAssemblies","enqueueingNodeIndex":4}
{"msg":"enqueueNode","enqueuedNodeAnnotation":"CopyTool Library/ScriptAssemblies/Unity.VSCode.Editor.dll","enqueuedNodeIndex":205,"enqueueingNodeAnnotation":"ScriptAssemblies","enqueueingNodeIndex":4}
{"msg":"enqueueNode","enqueuedNodeAnnotation":"CopyTool Library/ScriptAssemblies/Unity.Timeline.Editor.pdb","enqueuedNodeIndex":204,"enqueueingNodeAnnotation":"ScriptAssemblies","enqueueingNodeIndex":4}
{"msg":"enqueueNode","enqueuedNodeAnnotation":"CopyTool Library/ScriptAssemblies/Unity.Timeline.Editor.dll","enqueuedNodeIndex":203,"enqueueingNodeAnnotation":"ScriptAssemblies","enqueueingNodeIndex":4}
{"msg":"enqueueNode","enqueuedNodeAnnotation":"CopyTool Library/ScriptAssemblies/Unity.TextMeshPro.Editor.pdb","enqueuedNodeIndex":202,"enqueueingNodeAnnotation":"ScriptAssemblies","enqueueingNodeIndex":4}
{"msg":"enqueueNode","enqueuedNodeAnnotation":"CopyTool Library/ScriptAssemblies/Unity.TextMeshPro.Editor.dll","enqueuedNodeIndex":201,"enqueueingNodeAnnotation":"ScriptAssemblies","enqueueingNodeIndex":4}
{"msg":"enqueueNode","enqueuedNodeAnnotation":"CopyTool Library/ScriptAssemblies/Unity.Rider.Editor.pdb","enqueuedNodeIndex":200,"enqueueingNodeAnnotation":"ScriptAssemblies","enqueueingNodeIndex":4}
{"msg":"enqueueNode","enqueuedNodeAnnotation":"CopyTool Library/ScriptAssemblies/Unity.Rider.Editor.dll","enqueuedNodeIndex":199,"enqueueingNodeAnnotation":"ScriptAssemblies","enqueueingNodeIndex":4}
{"msg":"enqueueNode","enqueuedNodeAnnotation":"CopyTool Library/ScriptAssemblies/Unity.PlasticSCM.Editor.pdb","enqueuedNodeIndex":198,"enqueueingNodeAnnotation":"ScriptAssemblies","enqueueingNodeIndex":4}
{"msg":"enqueueNode","enqueuedNodeAnnotation":"CopyTool Library/ScriptAssemblies/Unity.PlasticSCM.Editor.dll","enqueuedNodeIndex":197,"enqueueingNodeAnnotation":"ScriptAssemblies","enqueueingNodeIndex":4}
{"msg":"enqueueNode","enqueuedNodeAnnotation":"CopyTool Library/ScriptAssemblies/Unity.CollabProxy.Editor.pdb","enqueuedNodeIndex":196,"enqueueingNodeAnnotation":"ScriptAssemblies","enqueueingNodeIndex":4}
{"msg":"enqueueNode","enqueuedNodeAnnotation":"CopyTool Library/ScriptAssemblies/Unity.CollabProxy.Editor.dll","enqueuedNodeIndex":195,"enqueueingNodeAnnotation":"ScriptAssemblies","enqueueingNodeIndex":4}
{"msg":"enqueueNode","enqueuedNodeAnnotation":"CopyTool Library/ScriptAssemblies/UnityEditor.TestRunner.pdb","enqueuedNodeIndex":194,"enqueueingNodeAnnotation":"ScriptAssemblies","enqueueingNodeIndex":4}
{"msg":"enqueueNode","enqueuedNodeAnnotation":"CopyTool Library/ScriptAssemblies/UnityEditor.TestRunner.dll","enqueuedNodeIndex":193,"enqueueingNodeAnnotation":"ScriptAssemblies","enqueueingNodeIndex":4}
{"msg":"enqueueNode","enqueuedNodeAnnotation":"CopyTool Library/ScriptAssemblies/Unity.VisualScripting.Core.pdb","enqueuedNodeIndex":192,"enqueueingNodeAnnotation":"ScriptAssemblies","enqueueingNodeIndex":4}
{"msg":"enqueueNode","enqueuedNodeAnnotation":"CopyTool Library/ScriptAssemblies/Unity.VisualScripting.Core.dll","enqueuedNodeIndex":191,"enqueueingNodeAnnotation":"ScriptAssemblies","enqueueingNodeIndex":4}
{"msg":"enqueueNode","enqueuedNodeAnnotation":"CopyTool Library/ScriptAssemblies/Unity.Timeline.pdb","enqueuedNodeIndex":190,"enqueueingNodeAnnotation":"ScriptAssemblies","enqueueingNodeIndex":4}
{"msg":"enqueueNode","enqueuedNodeAnnotation":"CopyTool Library/ScriptAssemblies/Unity.Timeline.dll","enqueuedNodeIndex":189,"enqueueingNodeAnnotation":"ScriptAssemblies","enqueueingNodeIndex":4}
{"msg":"enqueueNode","enqueuedNodeAnnotation":"CopyTool Library/ScriptAssemblies/Unity.TextMeshPro.pdb","enqueuedNodeIndex":188,"enqueueingNodeAnnotation":"ScriptAssemblies","enqueueingNodeIndex":4}
{"msg":"enqueueNode","enqueuedNodeAnnotation":"CopyTool Library/ScriptAssemblies/Unity.TextMeshPro.dll","enqueuedNodeIndex":187,"enqueueingNodeAnnotation":"ScriptAssemblies","enqueueingNodeIndex":4}
{"msg":"enqueueNode","enqueuedNodeAnnotation":"CopyTool Library/ScriptAssemblies/UnityEngine.UI.pdb","enqueuedNodeIndex":186,"enqueueingNodeAnnotation":"ScriptAssemblies","enqueueingNodeIndex":4}
{"msg":"enqueueNode","enqueuedNodeAnnotation":"CopyTool Library/ScriptAssemblies/UnityEngine.UI.dll","enqueuedNodeIndex":185,"enqueueingNodeAnnotation":"ScriptAssemblies","enqueueingNodeIndex":4}
{"msg":"enqueueNode","enqueuedNodeAnnotation":"CopyTool Library/ScriptAssemblies/UnityEngine.TestRunner.pdb","enqueuedNodeIndex":184,"enqueueingNodeAnnotation":"ScriptAssemblies","enqueueingNodeIndex":4}
{"msg":"enqueueNode","enqueuedNodeAnnotation":"CopyTool Library/ScriptAssemblies/UnityEngine.TestRunner.dll","enqueuedNodeIndex":183,"enqueueingNodeAnnotation":"ScriptAssemblies","enqueueingNodeIndex":4}
{"msg":"enqueueNode","enqueuedNodeAnnotation":"MovedFromExtractorCombine Library/Bee/artifacts/200b0aE.dag/Assembly-CSharp.dll.movedfrom","enqueuedNodeIndex":182,"enqueueingNodeAnnotation":"ScriptAssemblies","enqueueingNodeIndex":4}
{"msg":"enqueueNode","enqueuedNodeAnnotation":"MovedFromExtractor Library/Bee/artifacts/movedfrom/Unity.VisualStudio.Editor.ref.dll_17544914859700520121.movedfrom","enqueuedNodeIndex":180,"enqueueingNodeAnnotation":"ScriptAssemblies","enqueueingNodeIndex":4}
{"msg":"enqueueNode","enqueuedNodeAnnotation":"MovedFromExtractor Library/Bee/artifacts/movedfrom/Unity.VisualScripting.State.Editor.ref.dll_13576910289478910627.movedfrom","enqueuedNodeIndex":179,"enqueueingNodeAnnotation":"ScriptAssemblies","enqueueingNodeIndex":4}
{"msg":"enqueueNode","enqueuedNodeAnnotation":"MovedFromExtractor Library/Bee/artifacts/movedfrom/Unity.VSCode.Editor.ref.dll_6388319242899333029.movedfrom","enqueuedNodeIndex":178,"enqueueingNodeAnnotation":"ScriptAssemblies","enqueueingNodeIndex":4}
{"msg":"enqueueNode","enqueuedNodeAnnotation":"MovedFromExtractor Library/Bee/artifacts/movedfrom/Unity.Timeline.Editor.ref.dll_1370744938779439902.movedfrom","enqueuedNodeIndex":177,"enqueueingNodeAnnotation":"ScriptAssemblies","enqueueingNodeIndex":4}
{"msg":"enqueueNode","enqueuedNodeAnnotation":"MovedFromExtractor Library/Bee/artifacts/movedfrom/Unity.TextMeshPro.Editor.ref.dll_14247004639641441850.movedfrom","enqueuedNodeIndex":176,"enqueueingNodeAnnotation":"ScriptAssemblies","enqueueingNodeIndex":4}
{"msg":"enqueueNode","enqueuedNodeAnnotation":"MovedFromExtractor Library/Bee/artifacts/movedfrom/Unity.Rider.Editor.ref.dll_11706774018472298211.movedfrom","enqueuedNodeIndex":175,"enqueueingNodeAnnotation":"ScriptAssemblies","enqueueingNodeIndex":4}
{"msg":"enqueueNode","enqueuedNodeAnnotation":"MovedFromExtractor Library/Bee/artifacts/movedfrom/Unity.PlasticSCM.Editor.ref.dll_14697804982844018402.movedfrom","enqueuedNodeIndex":174,"enqueueingNodeAnnotation":"ScriptAssemblies","enqueueingNodeIndex":4}
{"msg":"enqueueNode","enqueuedNodeAnnotation":"MovedFromExtractorCombine Library/Bee/artifacts/200b0aE.dag/VSSettingsProvider.dll.movedfrom","enqueuedNodeIndex":171,"enqueueingNodeAnnotation":"ScriptAssemblies","enqueueingNodeIndex":4}
{"msg":"enqueueNode","enqueuedNodeAnnotation":"MovedFromExtractorCombine Library/Bee/artifacts/200b0aE.dag/Unity.VisualScripting.State.Editor.dll.movedfrom","enqueuedNodeIndex":167,"enqueueingNodeAnnotation":"ScriptAssemblies","enqueueingNodeIndex":4}
{"msg":"enqueueNode","enqueuedNodeAnnotation":"MovedFromExtractor Library/Bee/artifacts/movedfrom/Unity.VisualScripting.State.ref.dll_7600604229726240238.movedfrom","enqueuedNodeIndex":165,"enqueueingNodeAnnotation":"ScriptAssemblies","enqueueingNodeIndex":4}
{"msg":"enqueueNode","enqueuedNodeAnnotation":"MovedFromExtractor Library/Bee/artifacts/movedfrom/Unity.VisualScripting.Flow.Editor.ref.dll_8916573228339081034.movedfrom","enqueuedNodeIndex":164,"enqueueingNodeAnnotation":"ScriptAssemblies","enqueueingNodeIndex":4}
{"msg":"enqueueNode","enqueuedNodeAnnotation":"MovedFromExtractorCombine Library/Bee/artifacts/200b0aE.dag/Unity.VisualScripting.State.dll.movedfrom","enqueuedNodeIndex":161,"enqueueingNodeAnnotation":"ScriptAssemblies","enqueueingNodeIndex":4}
{"msg":"enqueueNode","enqueuedNodeAnnotation":"MovedFromExtractorCombine Library/Bee/artifacts/200b0aE.dag/Unity.VisualScripting.Flow.Editor.dll.movedfrom","enqueuedNodeIndex":157,"enqueueingNodeAnnotation":"ScriptAssemblies","enqueueingNodeIndex":4}
{"msg":"enqueueNode","enqueuedNodeAnnotation":"MovedFromExtractor Library/Bee/artifacts/movedfrom/Unity.VisualScripting.Flow.ref.dll_10795936317831213783.movedfrom","enqueuedNodeIndex":155,"enqueueingNodeAnnotation":"ScriptAssemblies","enqueueingNodeIndex":4}
{"msg":"enqueueNode","enqueuedNodeAnnotation":"MovedFromExtractor Library/Bee/artifacts/movedfrom/Unity.VisualScripting.Core.Editor.ref.dll_18342351409859142665.movedfrom","enqueuedNodeIndex":154,"enqueueingNodeAnnotation":"ScriptAssemblies","enqueueingNodeIndex":4}
{"msg":"enqueueNode","enqueuedNodeAnnotation":"MovedFromExtractorCombine Library/Bee/artifacts/200b0aE.dag/Unity.VisualStudio.Editor.dll.movedfrom","enqueuedNodeIndex":151,"enqueueingNodeAnnotation":"ScriptAssemblies","enqueueingNodeIndex":4}
{"msg":"enqueueNode","enqueuedNodeAnnotation":"MovedFromExtractorCombine Library/Bee/artifacts/200b0aE.dag/Unity.VisualScripting.Flow.dll.movedfrom","enqueuedNodeIndex":147,"enqueueingNodeAnnotation":"ScriptAssemblies","enqueueingNodeIndex":4}
{"msg":"enqueueNode","enqueuedNodeAnnotation":"MovedFromExtractorCombine Library/Bee/artifacts/200b0aE.dag/Unity.VisualScripting.Core.Editor.dll.movedfrom","enqueuedNodeIndex":143,"enqueueingNodeAnnotation":"ScriptAssemblies","enqueueingNodeIndex":4}
{"msg":"enqueueNode","enqueuedNodeAnnotation":"MovedFromExtractor Library/Bee/artifacts/movedfrom/Unity.VisualScripting.Core.ref.dll_5675096879357492776.movedfrom","enqueuedNodeIndex":141,"enqueueingNodeAnnotation":"ScriptAssemblies","enqueueingNodeIndex":4}
{"msg":"enqueueNode","enqueuedNodeAnnotation":"MovedFromExtractorCombine Library/Bee/artifacts/200b0aE.dag/Unity.VSCode.Editor.dll.movedfrom","enqueuedNodeIndex":138,"enqueueingNodeAnnotation":"ScriptAssemblies","enqueueingNodeIndex":4}
{"msg":"enqueueNode","enqueuedNodeAnnotation":"MovedFromExtractorCombine Library/Bee/artifacts/200b0aE.dag/Unity.Timeline.Editor.dll.movedfrom","enqueuedNodeIndex":134,"enqueueingNodeAnnotation":"ScriptAssemblies","enqueueingNodeIndex":4}
{"msg":"enqueueNode","enqueuedNodeAnnotation":"MovedFromExtractor Library/Bee/artifacts/movedfrom/Unity.Timeline.ref.dll_15173368180737704387.movedfrom","enqueuedNodeIndex":132,"enqueueingNodeAnnotation":"ScriptAssemblies","enqueueingNodeIndex":4}
{"msg":"enqueueNode","enqueuedNodeAnnotation":"MovedFromExtractorCombine Library/Bee/artifacts/200b0aE.dag/Unity.TextMeshPro.Editor.dll.movedfrom","enqueuedNodeIndex":129,"enqueueingNodeAnnotation":"ScriptAssemblies","enqueueingNodeIndex":4}
{"msg":"enqueueNode","enqueuedNodeAnnotation":"MovedFromExtractor Library/Bee/artifacts/movedfrom/Unity.TextMeshPro.ref.dll_16889014065229257959.movedfrom","enqueuedNodeIndex":127,"enqueueingNodeAnnotation":"ScriptAssemblies","enqueueingNodeIndex":4}
{"msg":"enqueueNode","enqueuedNodeAnnotation":"MovedFromExtractorCombine Library/Bee/artifacts/200b0aE.dag/Unity.Rider.Editor.dll.movedfrom","enqueuedNodeIndex":124,"enqueueingNodeAnnotation":"ScriptAssemblies","enqueueingNodeIndex":4}
{"msg":"enqueueNode","enqueuedNodeAnnotation":"MovedFromExtractorCombine Library/Bee/artifacts/200b0aE.dag/Unity.PlasticSCM.Editor.dll.movedfrom","enqueuedNodeIndex":120,"enqueueingNodeAnnotation":"ScriptAssemblies","enqueueingNodeIndex":4}
{"msg":"enqueueNode","enqueuedNodeAnnotation":"MovedFromExtractorCombine Library/Bee/artifacts/200b0aE.dag/Unity.CollabProxy.Editor.dll.movedfrom","enqueuedNodeIndex":116,"enqueueingNodeAnnotation":"ScriptAssemblies","enqueueingNodeIndex":4}
{"msg":"enqueueNode","enqueuedNodeAnnotation":"MovedFromExtractor Library/Bee/artifacts/movedfrom/UnityEditor.TestRunner.ref.dll_16004969834792811495.movedfrom","enqueuedNodeIndex":114,"enqueueingNodeAnnotation":"ScriptAssemblies","enqueueingNodeIndex":4}
{"msg":"enqueueNode","enqueuedNodeAnnotation":"MovedFromExtractorCombine Library/Bee/artifacts/200b0aE.dag/UnityEditor.TestRunner.dll.movedfrom","enqueuedNodeIndex":111,"enqueueingNodeAnnotation":"ScriptAssemblies","enqueueingNodeIndex":4}
{"msg":"enqueueNode","enqueuedNodeAnnotation":"MovedFromExtractor Library/Bee/artifacts/movedfrom/UnityEngine.TestRunner.ref.dll_12266501306040867282.movedfrom","enqueuedNodeIndex":109,"enqueueingNodeAnnotation":"ScriptAssemblies","enqueueingNodeIndex":4}
{"msg":"enqueueNode","enqueuedNodeAnnotation":"MovedFromExtractorCombine Library/Bee/artifacts/200b0aE.dag/Unity.VisualScripting.Core.dll.movedfrom","enqueuedNodeIndex":106,"enqueueingNodeAnnotation":"ScriptAssemblies","enqueueingNodeIndex":4}
{"msg":"enqueueNode","enqueuedNodeAnnotation":"MovedFromExtractorCombine Library/Bee/artifacts/200b0aE.dag/Unity.Timeline.dll.movedfrom","enqueuedNodeIndex":102,"enqueueingNodeAnnotation":"ScriptAssemblies","enqueueingNodeIndex":4}
{"msg":"enqueueNode","enqueuedNodeAnnotation":"MovedFromExtractorCombine Library/Bee/artifacts/200b0aE.dag/Unity.TextMeshPro.dll.movedfrom","enqueuedNodeIndex":98,"enqueueingNodeAnnotation":"ScriptAssemblies","enqueueingNodeIndex":4}
{"msg":"enqueueNode","enqueuedNodeAnnotation":"MovedFromExtractor Library/Bee/artifacts/movedfrom/UnityEngine.UI.ref.dll_8751741266572615572.movedfrom","enqueuedNodeIndex":96,"enqueueingNodeAnnotation":"ScriptAssemblies","enqueueingNodeIndex":4}
{"msg":"enqueueNode","enqueuedNodeAnnotation":"MovedFromExtractorCombine Library/Bee/artifacts/200b0aE.dag/UnityEngine.UI.dll.movedfrom","enqueuedNodeIndex":93,"enqueueingNodeAnnotation":"ScriptAssemblies","enqueueingNodeIndex":4}
{"msg":"enqueueNode","enqueuedNodeAnnotation":"MovedFromExtractor Library/Bee/artifacts/movedfrom/Unity.VisualScripting.Antlr3.Runtime.dll_42624851016569134.movedfrom","enqueuedNodeIndex":91,"enqueueingNodeAnnotation":"ScriptAssemblies","enqueueingNodeIndex":4}
{"msg":"enqueueNode","enqueuedNodeAnnotation":"MovedFromExtractor Library/Bee/artifacts/movedfrom/Unity.VisualScripting.YamlDotNet.dll_5704451258923434255.movedfrom","enqueuedNodeIndex":90,"enqueueingNodeAnnotation":"ScriptAssemblies","enqueueingNodeIndex":4}
{"msg":"enqueueNode","enqueuedNodeAnnotation":"MovedFromExtractor Library/Bee/artifacts/movedfrom/Unity.VisualScripting.IonicZip.dll_13199257755327670653.movedfrom","enqueuedNodeIndex":89,"enqueueingNodeAnnotation":"ScriptAssemblies","enqueueingNodeIndex":4}
{"msg":"enqueueNode","enqueuedNodeAnnotation":"MovedFromExtractor Library/Bee/artifacts/movedfrom/Unity.Plastic.Newtonsoft.Json.dll_11593867848481420840.movedfrom","enqueuedNodeIndex":88,"enqueueingNodeAnnotation":"ScriptAssemblies","enqueueingNodeIndex":4}
{"msg":"enqueueNode","enqueuedNodeAnnotation":"MovedFromExtractor Library/Bee/artifacts/movedfrom/Unity.Plastic.Antlr3.Runtime.dll_17412192789367953597.movedfrom","enqueuedNodeIndex":87,"enqueueingNodeAnnotation":"ScriptAssemblies","enqueueingNodeIndex":4}
{"msg":"enqueueNode","enqueuedNodeAnnotation":"MovedFromExtractorCombine Library/Bee/artifacts/200b0aE.dag/UnityEngine.TestRunner.dll.movedfrom","enqueuedNodeIndex":84,"enqueueingNodeAnnotation":"ScriptAssemblies","enqueueingNodeIndex":4}
{"msg":"enqueueNode","enqueuedNodeAnnotation":"MovedFromExtractor Library/Bee/artifacts/movedfrom/UnityEditor.OSXStandalone.Extensions.dll_8024910692946109904.movedfrom","enqueuedNodeIndex":82,"enqueueingNodeAnnotation":"ScriptAssemblies","enqueueingNodeIndex":4}
{"msg":"enqueueNode","enqueuedNodeAnnotation":"MovedFromExtractor Library/Bee/artifacts/movedfrom/UnityEngine.XRModule.dll_6995621022967901217.movedfrom","enqueuedNodeIndex":81,"enqueueingNodeAnnotation":"ScriptAssemblies","enqueueingNodeIndex":4}
{"msg":"enqueueNode","enqueuedNodeAnnotation":"MovedFromExtractor Library/Bee/artifacts/movedfrom/UnityEngine.WindModule.dll_14354314127552894527.movedfrom","enqueuedNodeIndex":80,"enqueueingNodeAnnotation":"ScriptAssemblies","enqueueingNodeIndex":4}
{"msg":"enqueueNode","enqueuedNodeAnnotation":"MovedFromExtractor Library/Bee/artifacts/movedfrom/UnityEngine.VRModule.dll_3339046651246894787.movedfrom","enqueuedNodeIndex":79,"enqueueingNodeAnnotation":"ScriptAssemblies","enqueueingNodeIndex":4}
{"msg":"enqueueNode","enqueuedNodeAnnotation":"MovedFromExtractor Library/Bee/artifacts/movedfrom/UnityEngine.VirtualTexturingModule.dll_13470513214321627892.movedfrom","enqueuedNodeIndex":78,"enqueueingNodeAnnotation":"ScriptAssemblies","enqueueingNodeIndex":4}
{"msg":"enqueueNode","enqueuedNodeAnnotation":"MovedFromExtractor Library/Bee/artifacts/movedfrom/UnityEngine.VideoModule.dll_15005911632904590632.movedfrom","enqueuedNodeIndex":77,"enqueueingNodeAnnotation":"ScriptAssemblies","enqueueingNodeIndex":4}
{"msg":"enqueueNode","enqueuedNodeAnnotation":"MovedFromExtractor Library/Bee/artifacts/movedfrom/UnityEngine.VFXModule.dll_4194719252480012277.movedfrom","enqueuedNodeIndex":76,"enqueueingNodeAnnotation":"ScriptAssemblies","enqueueingNodeIndex":4}
{"msg":"enqueueNode","enqueuedNodeAnnotation":"MovedFromExtractor Library/Bee/artifacts/movedfrom/UnityEngine.VehiclesModule.dll_14505409255089060622.movedfrom","enqueuedNodeIndex":75,"enqueueingNodeAnnotation":"ScriptAssemblies","enqueueingNodeIndex":4}
{"msg":"enqueueNode","enqueuedNodeAnnotation":"MovedFromExtractor Library/Bee/artifacts/movedfrom/UnityEngine.UnityWebRequestWWWModule.dll_476120503224473118.movedfrom","enqueuedNodeIndex":74,"enqueueingNodeAnnotation":"ScriptAssemblies","enqueueingNodeIndex":4}
{"msg":"enqueueNode","enqueuedNodeAnnotation":"MovedFromExtractor Library/Bee/artifacts/movedfrom/UnityEngine.UnityWebRequestTextureModule.dll_15346302351182346914.movedfrom","enqueuedNodeIndex":73,"enqueueingNodeAnnotation":"ScriptAssemblies","enqueueingNodeIndex":4}
{"msg":"enqueueNode","enqueuedNodeAnnotation":"MovedFromExtractor Library/Bee/artifacts/movedfrom/UnityEngine.UnityWebRequestModule.dll_18346111236696272381.movedfrom","enqueuedNodeIndex":72,"enqueueingNodeAnnotation":"ScriptAssemblies","enqueueingNodeIndex":4}
{"msg":"enqueueNode","enqueuedNodeAnnotation":"MovedFromExtractor Library/Bee/artifacts/movedfrom/UnityEngine.UnityWebRequestAudioModule.dll_1094974393139236141.movedfrom","enqueuedNodeIndex":71,"enqueueingNodeAnnotation":"ScriptAssemblies","enqueueingNodeIndex":4}
{"msg":"enqueueNode","enqueuedNodeAnnotation":"MovedFromExtractor Library/Bee/artifacts/movedfrom/UnityEngine.UnityWebRequestAssetBundleModule.dll_12901014729512974217.movedfrom","enqueuedNodeIndex":70,"enqueueingNodeAnnotation":"ScriptAssemblies","enqueueingNodeIndex":4}
{"msg":"enqueueNode","enqueuedNodeAnnotation":"MovedFromExtractor Library/Bee/artifacts/movedfrom/UnityEngine.UnityTestProtocolModule.dll_14607968803834763820.movedfrom","enqueuedNodeIndex":69,"enqueueingNodeAnnotation":"ScriptAssemblies","enqueueingNodeIndex":4}
{"msg":"enqueueNode","enqueuedNodeAnnotation":"MovedFromExtractor Library/Bee/artifacts/movedfrom/UnityEngine.UnityCurlModule.dll_14088210712478721726.movedfrom","enqueuedNodeIndex":68,"enqueueingNodeAnnotation":"ScriptAssemblies","enqueueingNodeIndex":4}
{"msg":"enqueueNode","enqueuedNodeAnnotation":"MovedFromExtractor Library/Bee/artifacts/movedfrom/UnityEngine.UnityConnectModule.dll_2838154386394149260.movedfrom","enqueuedNodeIndex":67,"enqueueingNodeAnnotation":"ScriptAssemblies","enqueueingNodeIndex":4}
{"msg":"enqueueNode","enqueuedNodeAnnotation":"MovedFromExtractor Library/Bee/artifacts/movedfrom/UnityEngine.UnityAnalyticsModule.dll_7008915061997865656.movedfrom","enqueuedNodeIndex":66,"enqueueingNodeAnnotation":"ScriptAssemblies","enqueueingNodeIndex":4}
{"msg":"enqueueNode","enqueuedNodeAnnotation":"MovedFromExtractor Library/Bee/artifacts/movedfrom/UnityEngine.UNETModule.dll_16396534658629750095.movedfrom","enqueuedNodeIndex":65,"enqueueingNodeAnnotation":"ScriptAssemblies","enqueueingNodeIndex":4}
{"msg":"enqueueNode","enqueuedNodeAnnotation":"MovedFromExtractor Library/Bee/artifacts/movedfrom/UnityEngine.UmbraModule.dll_2741246100072735990.movedfrom","enqueuedNodeIndex":64,"enqueueingNodeAnnotation":"ScriptAssemblies","enqueueingNodeIndex":4}
{"msg":"enqueueNode","enqueuedNodeAnnotation":"MovedFromExtractor Library/Bee/artifacts/movedfrom/UnityEngine.UIModule.dll_15817915913351256395.movedfrom","enqueuedNodeIndex":63,"enqueueingNodeAnnotation":"ScriptAssemblies","enqueueingNodeIndex":4}
{"msg":"enqueueNode","enqueuedNodeAnnotation":"MovedFromExtractor Library/Bee/artifacts/movedfrom/UnityEngine.UIElementsNativeModule.dll_10836834944042013289.movedfrom","enqueuedNodeIndex":62,"enqueueingNodeAnnotation":"ScriptAssemblies","enqueueingNodeIndex":4}
{"msg":"enqueueNode","enqueuedNodeAnnotation":"MovedFromExtractor Library/Bee/artifacts/movedfrom/UnityEngine.UIElementsModule.dll_10462674141745779538.movedfrom","enqueuedNodeIndex":61,"enqueueingNodeAnnotation":"ScriptAssemblies","enqueueingNodeIndex":4}
{"msg":"enqueueNode","enqueuedNodeAnnotation":"MovedFromExtractor Library/Bee/artifacts/movedfrom/UnityEngine.TLSModule.dll_13355436242693703304.movedfrom","enqueuedNodeIndex":60,"enqueueingNodeAnnotation":"ScriptAssemblies","enqueueingNodeIndex":4}
{"msg":"enqueueNode","enqueuedNodeAnnotation":"MovedFromExtractor Library/Bee/artifacts/movedfrom/UnityEngine.TilemapModule.dll_6494720560989301931.movedfrom","enqueuedNodeIndex":59,"enqueueingNodeAnnotation":"ScriptAssemblies","enqueueingNodeIndex":4}
{"msg":"enqueueNode","enqueuedNodeAnnotation":"MovedFromExtractor Library/Bee/artifacts/movedfrom/UnityEngine.TextRenderingModule.dll_10845035430052402636.movedfrom","enqueuedNodeIndex":58,"enqueueingNodeAnnotation":"ScriptAssemblies","enqueueingNodeIndex":4}
{"msg":"enqueueNode","enqueuedNodeAnnotation":"MovedFromExtractor Library/Bee/artifacts/movedfrom/UnityEngine.TextCoreModule.dll_16881016736766483331.movedfrom","enqueuedNodeIndex":57,"enqueueingNodeAnnotation":"ScriptAssemblies","enqueueingNodeIndex":4}
{"msg":"enqueueNode","enqueuedNodeAnnotation":"MovedFromExtractor Library/Bee/artifacts/movedfrom/UnityEngine.TerrainPhysicsModule.dll_4764776685820195657.movedfrom","enqueuedNodeIndex":56,"enqueueingNodeAnnotation":"ScriptAssemblies","enqueueingNodeIndex":4}
{"msg":"enqueueNode","enqueuedNodeAnnotation":"MovedFromExtractor Library/Bee/artifacts/movedfrom/UnityEngine.TerrainModule.dll_13485319278428457890.movedfrom","enqueuedNodeIndex":55,"enqueueingNodeAnnotation":"ScriptAssemblies","enqueueingNodeIndex":4}
{"msg":"enqueueNode","enqueuedNodeAnnotation":"MovedFromExtractor Library/Bee/artifacts/movedfrom/UnityEngine.SubsystemsModule.dll_10156885217680283483.movedfrom","enqueuedNodeIndex":54,"enqueueingNodeAnnotation":"ScriptAssemblies","enqueueingNodeIndex":4}
{"msg":"enqueueNode","enqueuedNodeAnnotation":"MovedFromExtractor Library/Bee/artifacts/movedfrom/UnityEngine.SubstanceModule.dll_2424838103029803549.movedfrom","enqueuedNodeIndex":53,"enqueueingNodeAnnotation":"ScriptAssemblies","enqueueingNodeIndex":4}
{"msg":"enqueueNode","enqueuedNodeAnnotation":"MovedFromExtractor Library/Bee/artifacts/movedfrom/UnityEngine.StreamingModule.dll_4970756962348788751.movedfrom","enqueuedNodeIndex":52,"enqueueingNodeAnnotation":"ScriptAssemblies","enqueueingNodeIndex":4}
{"msg":"enqueueNode","enqueuedNodeAnnotation":"MovedFromExtractor Library/Bee/artifacts/movedfrom/UnityEngine.SpriteShapeModule.dll_16115003552495908905.movedfrom","enqueuedNodeIndex":51,"enqueueingNodeAnnotation":"ScriptAssemblies","enqueueingNodeIndex":4}
{"msg":"enqueueNode","enqueuedNodeAnnotation":"MovedFromExtractor Library/Bee/artifacts/movedfrom/UnityEngine.SpriteMaskModule.dll_2469972508430298952.movedfrom","enqueuedNodeIndex":50,"enqueueingNodeAnnotation":"ScriptAssemblies","enqueueingNodeIndex":4}
{"msg":"enqueueNode","enqueuedNodeAnnotation":"MovedFromExtractor Library/Bee/artifacts/movedfrom/UnityEngine.SharedInternalsModule.dll_8146081690294341326.movedfrom","enqueuedNodeIndex":49,"enqueueingNodeAnnotation":"ScriptAssemblies","enqueueingNodeIndex":4}
{"msg":"enqueueNode","enqueuedNodeAnnotation":"MovedFromExtractor Library/Bee/artifacts/movedfrom/UnityEngine.ScreenCaptureModule.dll_7872815760615478743.movedfrom","enqueuedNodeIndex":48,"enqueueingNodeAnnotation":"ScriptAssemblies","enqueueingNodeIndex":4}
{"msg":"enqueueNode","enqueuedNodeAnnotation":"MovedFromExtractor Library/Bee/artifacts/movedfrom/UnityEngine.RuntimeInitializeOnLoadManagerInitializerModule.dll_3764283506478147887.movedfrom","enqueuedNodeIndex":47,"enqueueingNodeAnnotation":"ScriptAssemblies","enqueueingNodeIndex":4}
{"msg":"enqueueNode","enqueuedNodeAnnotation":"MovedFromExtractor Library/Bee/artifacts/movedfrom/UnityEngine.ProfilerModule.dll_9498320950117986944.movedfrom","enqueuedNodeIndex":46,"enqueueingNodeAnnotation":"ScriptAssemblies","enqueueingNodeIndex":4}
{"msg":"enqueueNode","enqueuedNodeAnnotation":"MovedFromExtractor Library/Bee/artifacts/movedfrom/UnityEngine.PhysicsModule.dll_11591982869109949108.movedfrom","enqueuedNodeIndex":45,"enqueueingNodeAnnotation":"ScriptAssemblies","enqueueingNodeIndex":4}
{"msg":"enqueueNode","enqueuedNodeAnnotation":"MovedFromExtractor Library/Bee/artifacts/movedfrom/UnityEngine.Physics2DModule.dll_15928299218302577766.movedfrom","enqueuedNodeIndex":44,"enqueueingNodeAnnotation":"ScriptAssemblies","enqueueingNodeIndex":4}
{"msg":"enqueueNode","enqueuedNodeAnnotation":"MovedFromExtractor Library/Bee/artifacts/movedfrom/UnityEngine.PerformanceReportingModule.dll_10895840867001287317.movedfrom","enqueuedNodeIndex":43,"enqueueingNodeAnnotation":"ScriptAssemblies","enqueueingNodeIndex":4}
{"msg":"enqueueNode","enqueuedNodeAnnotation":"MovedFromExtractor Library/Bee/artifacts/movedfrom/UnityEngine.ParticleSystemModule.dll_4730251114046109884.movedfrom","enqueuedNodeIndex":42,"enqueueingNodeAnnotation":"ScriptAssemblies","enqueueingNodeIndex":4}
{"msg":"enqueueNode","enqueuedNodeAnnotation":"MovedFromExtractor Library/Bee/artifacts/movedfrom/UnityEngine.LocalizationModule.dll_17864902010335737504.movedfrom","enqueuedNodeIndex":41,"enqueueingNodeAnnotation":"ScriptAssemblies","enqueueingNodeIndex":4}
{"msg":"enqueueNode","enqueuedNodeAnnotation":"MovedFromExtractor Library/Bee/artifacts/movedfrom/UnityEngine.JSONSerializeModule.dll_6006164402962229621.movedfrom","enqueuedNodeIndex":40,"enqueueingNodeAnnotation":"ScriptAssemblies","enqueueingNodeIndex":4}
{"msg":"enqueueNode","enqueuedNodeAnnotation":"MovedFromExtractor Library/Bee/artifacts/movedfrom/UnityEngine.InputModule.dll_1273384435790913063.movedfrom","enqueuedNodeIndex":39,"enqueueingNodeAnnotation":"ScriptAssemblies","enqueueingNodeIndex":4}
{"msg":"enqueueNode","enqueuedNodeAnnotation":"MovedFromExtractor Library/Bee/artifacts/movedfrom/UnityEngine.InputLegacyModule.dll_6307269414584366608.movedfrom","enqueuedNodeIndex":38,"enqueueingNodeAnnotation":"ScriptAssemblies","enqueueingNodeIndex":4}
{"msg":"enqueueNode","enqueuedNodeAnnotation":"MovedFromExtractor Library/Bee/artifacts/movedfrom/UnityEngine.IMGUIModule.dll_16399242437317201252.movedfrom","enqueuedNodeIndex":37,"enqueueingNodeAnnotation":"ScriptAssemblies","enqueueingNodeIndex":4}
{"msg":"enqueueNode","enqueuedNodeAnnotation":"MovedFromExtractor Library/Bee/artifacts/movedfrom/UnityEngine.ImageConversionModule.dll_17076369189844865918.movedfrom","enqueuedNodeIndex":36,"enqueueingNodeAnnotation":"ScriptAssemblies","enqueueingNodeIndex":4}
{"msg":"enqueueNode","enqueuedNodeAnnotation":"MovedFromExtractor Library/Bee/artifacts/movedfrom/UnityEngine.HotReloadModule.dll_1274375571358666835.movedfrom","enqueuedNodeIndex":35,"enqueueingNodeAnnotation":"ScriptAssemblies","enqueueingNodeIndex":4}
{"msg":"enqueueNode","enqueuedNodeAnnotation":"MovedFromExtractor Library/Bee/artifacts/movedfrom/UnityEngine.GridModule.dll_3339143606077713869.movedfrom","enqueuedNodeIndex":34,"enqueueingNodeAnnotation":"ScriptAssemblies","enqueueingNodeIndex":4}
{"msg":"enqueueNode","enqueuedNodeAnnotation":"MovedFromExtractor Library/Bee/artifacts/movedfrom/UnityEngine.GIModule.dll_8668639385013763001.movedfrom","enqueuedNodeIndex":33,"enqueueingNodeAnnotation":"ScriptAssemblies","enqueueingNodeIndex":4}
{"msg":"enqueueNode","enqueuedNodeAnnotation":"MovedFromExtractor Library/Bee/artifacts/movedfrom/UnityEngine.GameCenterModule.dll_4114786308965554638.movedfrom","enqueuedNodeIndex":32,"enqueueingNodeAnnotation":"ScriptAssemblies","enqueueingNodeIndex":4}
{"msg":"enqueueNode","enqueuedNodeAnnotation":"MovedFromExtractor Library/Bee/artifacts/movedfrom/UnityEngine.DSPGraphModule.dll_6258869642009656468.movedfrom","enqueuedNodeIndex":31,"enqueueingNodeAnnotation":"ScriptAssemblies","enqueueingNodeIndex":4}
{"msg":"enqueueNode","enqueuedNodeAnnotation":"MovedFromExtractor Library/Bee/artifacts/movedfrom/UnityEngine.dll_5962361343706401247.movedfrom","enqueuedNodeIndex":30,"enqueueingNodeAnnotation":"ScriptAssemblies","enqueueingNodeIndex":4}
{"msg":"enqueueNode","enqueuedNodeAnnotation":"MovedFromExtractor Library/Bee/artifacts/movedfrom/UnityEngine.DirectorModule.dll_5875675093188045683.movedfrom","enqueuedNodeIndex":29,"enqueueingNodeAnnotation":"ScriptAssemblies","enqueueingNodeIndex":4}
{"msg":"enqueueNode","enqueuedNodeAnnotation":"MovedFromExtractor Library/Bee/artifacts/movedfrom/UnityEngine.CrashReportingModule.dll_17191067740413865262.movedfrom","enqueuedNodeIndex":28,"enqueueingNodeAnnotation":"ScriptAssemblies","enqueueingNodeIndex":4}
{"msg":"enqueueNode","enqueuedNodeAnnotation":"MovedFromExtractor Library/Bee/artifacts/movedfrom/UnityEngine.CoreModule.dll_5829322015612524502.movedfrom","enqueuedNodeIndex":27,"enqueueingNodeAnnotation":"ScriptAssemblies","enqueueingNodeIndex":4}
{"msg":"enqueueNode","enqueuedNodeAnnotation":"MovedFromExtractor Library/Bee/artifacts/movedfrom/UnityEngine.ClusterRendererModule.dll_9298092223859792778.movedfrom","enqueuedNodeIndex":26,"enqueueingNodeAnnotation":"ScriptAssemblies","enqueueingNodeIndex":4}
{"msg":"enqueueNode","enqueuedNodeAnnotation":"MovedFromExtractor Library/Bee/artifacts/movedfrom/UnityEngine.ClusterInputModule.dll_13375716625676583847.movedfrom","enqueuedNodeIndex":25,"enqueueingNodeAnnotation":"ScriptAssemblies","enqueueingNodeIndex":4}
{"msg":"enqueueNode","enqueuedNodeAnnotation":"MovedFromExtractor Library/Bee/artifacts/movedfrom/UnityEngine.ClothModule.dll_1305636729871980647.movedfrom","enqueuedNodeIndex":24,"enqueueingNodeAnnotation":"ScriptAssemblies","enqueueingNodeIndex":4}
{"msg":"enqueueNode","enqueuedNodeAnnotation":"MovedFromExtractor Library/Bee/artifacts/movedfrom/UnityEngine.AudioModule.dll_12337101784645106051.movedfrom","enqueuedNodeIndex":23,"enqueueingNodeAnnotation":"ScriptAssemblies","enqueueingNodeIndex":4}
{"msg":"enqueueNode","enqueuedNodeAnnotation":"MovedFromExtractor Library/Bee/artifacts/movedfrom/UnityEngine.AssetBundleModule.dll_14286210761189163039.movedfrom","enqueuedNodeIndex":22,"enqueueingNodeAnnotation":"ScriptAssemblies","enqueueingNodeIndex":4}
{"msg":"enqueueNode","enqueuedNodeAnnotation":"MovedFromExtractor Library/Bee/artifacts/movedfrom/UnityEngine.ARModule.dll_11061875932450206312.movedfrom","enqueuedNodeIndex":21,"enqueueingNodeAnnotation":"ScriptAssemblies","enqueueingNodeIndex":4}
{"msg":"enqueueNode","enqueuedNodeAnnotation":"MovedFromExtractor Library/Bee/artifacts/movedfrom/UnityEngine.AnimationModule.dll_10405214883490673873.movedfrom","enqueuedNodeIndex":20,"enqueueingNodeAnnotation":"ScriptAssemblies","enqueueingNodeIndex":4}
{"msg":"enqueueNode","enqueuedNodeAnnotation":"MovedFromExtractor Library/Bee/artifacts/movedfrom/UnityEngine.AndroidJNIModule.dll_1066612307310110941.movedfrom","enqueuedNodeIndex":19,"enqueueingNodeAnnotation":"ScriptAssemblies","enqueueingNodeIndex":4}
{"msg":"enqueueNode","enqueuedNodeAnnotation":"MovedFromExtractor Library/Bee/artifacts/movedfrom/UnityEngine.AIModule.dll_16145660343560295327.movedfrom","enqueuedNodeIndex":18,"enqueueingNodeAnnotation":"ScriptAssemblies","enqueueingNodeIndex":4}
{"msg":"enqueueNode","enqueuedNodeAnnotation":"MovedFromExtractor Library/Bee/artifacts/movedfrom/UnityEngine.AccessibilityModule.dll_17528754633788197099.movedfrom","enqueuedNodeIndex":17,"enqueueingNodeAnnotation":"ScriptAssemblies","enqueueingNodeIndex":4}
{"msg":"enqueueNode","enqueuedNodeAnnotation":"MovedFromExtractor Library/Bee/artifacts/movedfrom/UnityEditor.UnityConnectModule.dll_4180363350459642081.movedfrom","enqueuedNodeIndex":16,"enqueueingNodeAnnotation":"ScriptAssemblies","enqueueingNodeIndex":4}
{"msg":"enqueueNode","enqueuedNodeAnnotation":"MovedFromExtractor Library/Bee/artifacts/movedfrom/UnityEditor.UIServiceModule.dll_5718447985590053241.movedfrom","enqueuedNodeIndex":15,"enqueueingNodeAnnotation":"ScriptAssemblies","enqueueingNodeIndex":4}
{"msg":"enqueueNode","enqueuedNodeAnnotation":"MovedFromExtractor Library/Bee/artifacts/movedfrom/UnityEditor.UIElementsSamplesModule.dll_1078392520764015830.movedfrom","enqueuedNodeIndex":14,"enqueueingNodeAnnotation":"ScriptAssemblies","enqueueingNodeIndex":4}
{"msg":"enqueueNode","enqueuedNodeAnnotation":"MovedFromExtractor Library/Bee/artifacts/movedfrom/UnityEditor.UIElementsModule.dll_10413577339755035143.movedfrom","enqueuedNodeIndex":13,"enqueueingNodeAnnotation":"ScriptAssemblies","enqueueingNodeIndex":4}
{"msg":"enqueueNode","enqueuedNodeAnnotation":"MovedFromExtractor Library/Bee/artifacts/movedfrom/UnityEditor.UIBuilderModule.dll_1615086658584926559.movedfrom","enqueuedNodeIndex":12,"enqueueingNodeAnnotation":"ScriptAssemblies","enqueueingNodeIndex":4}
{"msg":"enqueueNode","enqueuedNodeAnnotation":"MovedFromExtractor Library/Bee/artifacts/movedfrom/UnityEditor.SceneTemplateModule.dll_13879313264442564942.movedfrom","enqueuedNodeIndex":11,"enqueueingNodeAnnotation":"ScriptAssemblies","enqueueingNodeIndex":4}
{"msg":"enqueueNode","enqueuedNodeAnnotation":"MovedFromExtractor Library/Bee/artifacts/movedfrom/UnityEditor.QuickSearchModule.dll_9392712278755003181.movedfrom","enqueuedNodeIndex":10,"enqueueingNodeAnnotation":"ScriptAssemblies","enqueueingNodeIndex":4}
{"msg":"enqueueNode","enqueuedNodeAnnotation":"MovedFromExtractor Library/Bee/artifacts/movedfrom/UnityEditor.PackageManagerUIModule.dll_5470315959106511431.movedfrom","enqueuedNodeIndex":9,"enqueueingNodeAnnotation":"ScriptAssemblies","enqueueingNodeIndex":4}
{"msg":"enqueueNode","enqueuedNodeAnnotation":"MovedFromExtractor Library/Bee/artifacts/movedfrom/UnityEditor.GraphViewModule.dll_13970521898580500523.movedfrom","enqueuedNodeIndex":8,"enqueueingNodeAnnotation":"ScriptAssemblies","enqueueingNodeIndex":4}
{"msg":"enqueueNode","enqueuedNodeAnnotation":"MovedFromExtractor Library/Bee/artifacts/movedfrom/UnityEditor.dll_2313241850517945594.movedfrom","enqueuedNodeIndex":7,"enqueueingNodeAnnotation":"ScriptAssemblies","enqueueingNodeIndex":4}
{"msg":"enqueueNode","enqueuedNodeAnnotation":"MovedFromExtractor Library/Bee/artifacts/movedfrom/UnityEditor.DeviceSimulatorModule.dll_8889176765214297606.movedfrom","enqueuedNodeIndex":6,"enqueueingNodeAnnotation":"ScriptAssemblies","enqueueingNodeIndex":4}
{"msg":"enqueueNode","enqueuedNodeAnnotation":"MovedFromExtractor Library/Bee/artifacts/movedfrom/UnityEditor.CoreModule.dll_3298066673070599339.movedfrom","enqueuedNodeIndex":5,"enqueueingNodeAnnotation":"ScriptAssemblies","enqueueingNodeIndex":4}
{"msg":"enqueueNode","enqueuedNodeAnnotation":"MovedFromExtractor Library/Bee/artifacts/movedfrom/UnityEditor.Graphs.dll_11468092338675485661.movedfrom","enqueuedNodeIndex":3,"enqueueingNodeAnnotation":"ScriptAssemblies","enqueueingNodeIndex":4}
{"msg":"enqueueNode","enqueuedNodeAnnotation":"WriteText Library/Bee/artifacts/200b0aE.dag/UnityEngine.TestRunner.dll.movedfrom.rsp","enqueuedNodeIndex":83,"enqueueingNodeAnnotation":"MovedFromExtractorCombine Library/Bee/artifacts/200b0aE.dag/UnityEngine.TestRunner.dll.movedfrom","enqueueingNodeIndex":84}
{"msg":"enqueueNode","enqueuedNodeAnnotation":"WriteText Library/Bee/artifacts/200b0aE.dag/UnityEngine.UI.dll.movedfrom.rsp","enqueuedNodeIndex":92,"enqueueingNodeAnnotation":"MovedFromExtractorCombine Library/Bee/artifacts/200b0aE.dag/UnityEngine.UI.dll.movedfrom","enqueueingNodeIndex":93}
{"msg":"enqueueNode","enqueuedNodeAnnotation":"Csc Library/Bee/artifacts/200b0aE.dag/UnityEngine.UI.dll (+2 others)","enqueuedNodeIndex":86,"enqueueingNodeAnnotation":"MovedFromExtractor Library/Bee/artifacts/movedfrom/UnityEngine.UI.ref.dll_8751741266572615572.movedfrom","enqueueingNodeIndex":96}
{"msg":"enqueueNode","enqueuedNodeAnnotation":"WriteText Library/Bee/artifacts/200b0aE.dag/UnityEngine.UI.rsp","enqueuedNodeIndex":85,"enqueueingNodeAnnotation":"Csc Library/Bee/artifacts/200b0aE.dag/UnityEngine.UI.dll (+2 others)","enqueueingNodeIndex":86}
{"msg":"enqueueNode","enqueuedNodeAnnotation":"WriteText Library/Bee/artifacts/200b0aE.dag/Unity.TextMeshPro.dll.movedfrom.rsp","enqueuedNodeIndex":97,"enqueueingNodeAnnotation":"MovedFromExtractorCombine Library/Bee/artifacts/200b0aE.dag/Unity.TextMeshPro.dll.movedfrom","enqueueingNodeIndex":98}
{"msg":"enqueueNode","enqueuedNodeAnnotation":"WriteText Library/Bee/artifacts/200b0aE.dag/Unity.Timeline.dll.movedfrom.rsp","enqueuedNodeIndex":101,"enqueueingNodeAnnotation":"MovedFromExtractorCombine Library/Bee/artifacts/200b0aE.dag/Unity.Timeline.dll.movedfrom","enqueueingNodeIndex":102}
{"msg":"enqueueNode","enqueuedNodeAnnotation":"WriteText Library/Bee/artifacts/200b0aE.dag/Unity.VisualScripting.Core.dll.movedfrom.rsp","enqueuedNodeIndex":105,"enqueueingNodeAnnotation":"MovedFromExtractorCombine Library/Bee/artifacts/200b0aE.dag/Unity.VisualScripting.Core.dll.movedfrom","enqueueingNodeIndex":106}
{"msg":"enqueueNode","enqueuedNodeAnnotation":"Csc Library/Bee/artifacts/200b0aE.dag/UnityEngine.TestRunner.dll (+2 others)","enqueuedNodeIndex":2,"enqueueingNodeAnnotation":"MovedFromExtractor Library/Bee/artifacts/movedfrom/UnityEngine.TestRunner.ref.dll_12266501306040867282.movedfrom","enqueueingNodeIndex":109}
{"msg":"enqueueNode","enqueuedNodeAnnotation":"WriteText Library/Bee/artifacts/200b0aE.dag/UnityEngine.TestRunner.rsp","enqueuedNodeIndex":1,"enqueueingNodeAnnotation":"Csc Library/Bee/artifacts/200b0aE.dag/UnityEngine.TestRunner.dll (+2 others)","enqueueingNodeIndex":2}
{"msg":"enqueueNode","enqueuedNodeAnnotation":"WriteText Library/Bee/artifacts/200b0aE.dag/UnityEditor.TestRunner.dll.movedfrom.rsp","enqueuedNodeIndex":110,"enqueueingNodeAnnotation":"MovedFromExtractorCombine Library/Bee/artifacts/200b0aE.dag/UnityEditor.TestRunner.dll.movedfrom","enqueueingNodeIndex":111}
{"msg":"enqueueNode","enqueuedNodeAnnotation":"Csc Library/Bee/artifacts/200b0aE.dag/UnityEditor.TestRunner.dll (+2 others)","enqueuedNodeIndex":108,"enqueueingNodeAnnotation":"MovedFromExtractor Library/Bee/artifacts/movedfrom/UnityEditor.TestRunner.ref.dll_16004969834792811495.movedfrom","enqueueingNodeIndex":114}
{"msg":"enqueueNode","enqueuedNodeAnnotation":"WriteText Library/Bee/artifacts/200b0aE.dag/UnityEditor.TestRunner.rsp","enqueuedNodeIndex":107,"enqueueingNodeAnnotation":"Csc Library/Bee/artifacts/200b0aE.dag/UnityEditor.TestRunner.dll (+2 others)","enqueueingNodeIndex":108}
{"msg":"enqueueNode","enqueuedNodeAnnotation":"WriteText Library/Bee/artifacts/200b0aE.dag/Unity.CollabProxy.Editor.dll.movedfrom.rsp","enqueuedNodeIndex":115,"enqueueingNodeAnnotation":"MovedFromExtractorCombine Library/Bee/artifacts/200b0aE.dag/Unity.CollabProxy.Editor.dll.movedfrom","enqueueingNodeIndex":116}
{"msg":"enqueueNode","enqueuedNodeAnnotation":"WriteText Library/Bee/artifacts/200b0aE.dag/Unity.PlasticSCM.Editor.dll.movedfrom.rsp","enqueuedNodeIndex":119,"enqueueingNodeAnnotation":"MovedFromExtractorCombine Library/Bee/artifacts/200b0aE.dag/Unity.PlasticSCM.Editor.dll.movedfrom","enqueueingNodeIndex":120}
{"msg":"enqueueNode","enqueuedNodeAnnotation":"WriteText Library/Bee/artifacts/200b0aE.dag/Unity.Rider.Editor.dll.movedfrom.rsp","enqueuedNodeIndex":123,"enqueueingNodeAnnotation":"MovedFromExtractorCombine Library/Bee/artifacts/200b0aE.dag/Unity.Rider.Editor.dll.movedfrom","enqueueingNodeIndex":124}
{"msg":"enqueueNode","enqueuedNodeAnnotation":"Csc Library/Bee/artifacts/200b0aE.dag/Unity.TextMeshPro.dll (+2 others)","enqueuedNodeIndex":95,"enqueueingNodeAnnotation":"MovedFromExtractor Library/Bee/artifacts/movedfrom/Unity.TextMeshPro.ref.dll_16889014065229257959.movedfrom","enqueueingNodeIndex":127}
{"msg":"enqueueNode","enqueuedNodeAnnotation":"WriteText Library/Bee/artifacts/200b0aE.dag/Unity.TextMeshPro.rsp","enqueuedNodeIndex":94,"enqueueingNodeAnnotation":"Csc Library/Bee/artifacts/200b0aE.dag/Unity.TextMeshPro.dll (+2 others)","enqueueingNodeIndex":95}
{"msg":"enqueueNode","enqueuedNodeAnnotation":"WriteText Library/Bee/artifacts/200b0aE.dag/Unity.TextMeshPro.Editor.dll.movedfrom.rsp","enqueuedNodeIndex":128,"enqueueingNodeAnnotation":"MovedFromExtractorCombine Library/Bee/artifacts/200b0aE.dag/Unity.TextMeshPro.Editor.dll.movedfrom","enqueueingNodeIndex":129}
{"msg":"enqueueNode","enqueuedNodeAnnotation":"Csc Library/Bee/artifacts/200b0aE.dag/Unity.Timeline.dll (+2 others)","enqueuedNodeIndex":100,"enqueueingNodeAnnotation":"MovedFromExtractor Library/Bee/artifacts/movedfrom/Unity.Timeline.ref.dll_15173368180737704387.movedfrom","enqueueingNodeIndex":132}
{"msg":"enqueueNode","enqueuedNodeAnnotation":"WriteText Library/Bee/artifacts/200b0aE.dag/Unity.Timeline.rsp","enqueuedNodeIndex":99,"enqueueingNodeAnnotation":"Csc Library/Bee/artifacts/200b0aE.dag/Unity.Timeline.dll (+2 others)","enqueueingNodeIndex":100}
{"msg":"enqueueNode","enqueuedNodeAnnotation":"WriteText Library/Bee/artifacts/200b0aE.dag/Unity.Timeline.Editor.dll.movedfrom.rsp","enqueuedNodeIndex":133,"enqueueingNodeAnnotation":"MovedFromExtractorCombine Library/Bee/artifacts/200b0aE.dag/Unity.Timeline.Editor.dll.movedfrom","enqueueingNodeIndex":134}
{"msg":"enqueueNode","enqueuedNodeAnnotation":"WriteText Library/Bee/artifacts/200b0aE.dag/Unity.VSCode.Editor.dll.movedfrom.rsp","enqueuedNodeIndex":137,"enqueueingNodeAnnotation":"MovedFromExtractorCombine Library/Bee/artifacts/200b0aE.dag/Unity.VSCode.Editor.dll.movedfrom","enqueueingNodeIndex":138}
{"msg":"enqueueNode","enqueuedNodeAnnotation":"Csc Library/Bee/artifacts/200b0aE.dag/Unity.VisualScripting.Core.dll (+2 others)","enqueuedNodeIndex":104,"enqueueingNodeAnnotation":"MovedFromExtractor Library/Bee/artifacts/movedfrom/Unity.VisualScripting.Core.ref.dll_5675096879357492776.movedfrom","enqueueingNodeIndex":141}
{"msg":"enqueueNode","enqueuedNodeAnnotation":"WriteText Library/Bee/artifacts/200b0aE.dag/Unity.VisualScripting.Core.rsp","enqueuedNodeIndex":103,"enqueueingNodeAnnotation":"Csc Library/Bee/artifacts/200b0aE.dag/Unity.VisualScripting.Core.dll (+2 others)","enqueueingNodeIndex":104}
{"msg":"enqueueNode","enqueuedNodeAnnotation":"WriteText Library/Bee/artifacts/200b0aE.dag/Unity.VisualScripting.Core.Editor.dll.movedfrom.rsp","enqueuedNodeIndex":142,"enqueueingNodeAnnotation":"MovedFromExtractorCombine Library/Bee/artifacts/200b0aE.dag/Unity.VisualScripting.Core.Editor.dll.movedfrom","enqueueingNodeIndex":143}
{"msg":"enqueueNode","enqueuedNodeAnnotation":"WriteText Library/Bee/artifacts/200b0aE.dag/Unity.VisualScripting.Flow.dll.movedfrom.rsp","enqueuedNodeIndex":146,"enqueueingNodeAnnotation":"MovedFromExtractorCombine Library/Bee/artifacts/200b0aE.dag/Unity.VisualScripting.Flow.dll.movedfrom","enqueueingNodeIndex":147}
{"msg":"enqueueNode","enqueuedNodeAnnotation":"WriteText Library/Bee/artifacts/200b0aE.dag/Unity.VisualStudio.Editor.dll.movedfrom.rsp","enqueuedNodeIndex":150,"enqueueingNodeAnnotation":"MovedFromExtractorCombine Library/Bee/artifacts/200b0aE.dag/Unity.VisualStudio.Editor.dll.movedfrom","enqueueingNodeIndex":151}
{"msg":"enqueueNode","enqueuedNodeAnnotation":"Csc Library/Bee/artifacts/200b0aE.dag/Unity.VisualScripting.Core.Editor.dll (+2 others)","enqueuedNodeIndex":140,"enqueueingNodeAnnotation":"MovedFromExtractor Library/Bee/artifacts/movedfrom/Unity.VisualScripting.Core.Editor.ref.dll_18342351409859142665.movedfrom","enqueueingNodeIndex":154}
{"msg":"enqueueNode","enqueuedNodeAnnotation":"WriteText Library/Bee/artifacts/200b0aE.dag/Unity.VisualScripting.Core.Editor.rsp","enqueuedNodeIndex":139,"enqueueingNodeAnnotation":"Csc Library/Bee/artifacts/200b0aE.dag/Unity.VisualScripting.Core.Editor.dll (+2 others)","enqueueingNodeIndex":140}
{"msg":"enqueueNode","enqueuedNodeAnnotation":"Csc Library/Bee/artifacts/200b0aE.dag/Unity.VisualScripting.Flow.dll (+2 others)","enqueuedNodeIndex":145,"enqueueingNodeAnnotation":"MovedFromExtractor Library/Bee/artifacts/movedfrom/Unity.VisualScripting.Flow.ref.dll_10795936317831213783.movedfrom","enqueueingNodeIndex":155}
{"msg":"enqueueNode","enqueuedNodeAnnotation":"WriteText Library/Bee/artifacts/200b0aE.dag/Unity.VisualScripting.Flow.rsp","enqueuedNodeIndex":144,"enqueueingNodeAnnotation":"Csc Library/Bee/artifacts/200b0aE.dag/Unity.VisualScripting.Flow.dll (+2 others)","enqueueingNodeIndex":145}
{"msg":"enqueueNode","enqueuedNodeAnnotation":"WriteText Library/Bee/artifacts/200b0aE.dag/Unity.VisualScripting.Flow.Editor.dll.movedfrom.rsp","enqueuedNodeIndex":156,"enqueueingNodeAnnotation":"MovedFromExtractorCombine Library/Bee/artifacts/200b0aE.dag/Unity.VisualScripting.Flow.Editor.dll.movedfrom","enqueueingNodeIndex":157}
{"msg":"enqueueNode","enqueuedNodeAnnotation":"WriteText Library/Bee/artifacts/200b0aE.dag/Unity.VisualScripting.State.dll.movedfrom.rsp","enqueuedNodeIndex":160,"enqueueingNodeAnnotation":"MovedFromExtractorCombine Library/Bee/artifacts/200b0aE.dag/Unity.VisualScripting.State.dll.movedfrom","enqueueingNodeIndex":161}
{"msg":"enqueueNode","enqueuedNodeAnnotation":"Csc Library/Bee/artifacts/200b0aE.dag/Unity.VisualScripting.Flow.Editor.dll (+2 others)","enqueuedNodeIndex":153,"enqueueingNodeAnnotation":"MovedFromExtractor Library/Bee/artifacts/movedfrom/Unity.VisualScripting.Flow.Editor.ref.dll_8916573228339081034.movedfrom","enqueueingNodeIndex":164}
{"msg":"enqueueNode","enqueuedNodeAnnotation":"WriteText Library/Bee/artifacts/200b0aE.dag/Unity.VisualScripting.Flow.Editor.rsp","enqueuedNodeIndex":152,"enqueueingNodeAnnotation":"Csc Library/Bee/artifacts/200b0aE.dag/Unity.VisualScripting.Flow.Editor.dll (+2 others)","enqueueingNodeIndex":153}
{"msg":"enqueueNode","enqueuedNodeAnnotation":"Csc Library/Bee/artifacts/200b0aE.dag/Unity.VisualScripting.State.dll (+2 others)","enqueuedNodeIndex":159,"enqueueingNodeAnnotation":"MovedFromExtractor Library/Bee/artifacts/movedfrom/Unity.VisualScripting.State.ref.dll_7600604229726240238.movedfrom","enqueueingNodeIndex":165}
{"msg":"enqueueNode","enqueuedNodeAnnotation":"WriteText Library/Bee/artifacts/200b0aE.dag/Unity.VisualScripting.State.rsp","enqueuedNodeIndex":158,"enqueueingNodeAnnotation":"Csc Library/Bee/artifacts/200b0aE.dag/Unity.VisualScripting.State.dll (+2 others)","enqueueingNodeIndex":159}
{"msg":"enqueueNode","enqueuedNodeAnnotation":"WriteText Library/Bee/artifacts/200b0aE.dag/Unity.VisualScripting.State.Editor.dll.movedfrom.rsp","enqueuedNodeIndex":166,"enqueueingNodeAnnotation":"MovedFromExtractorCombine Library/Bee/artifacts/200b0aE.dag/Unity.VisualScripting.State.Editor.dll.movedfrom","enqueueingNodeIndex":167}
{"msg":"enqueueNode","enqueuedNodeAnnotation":"WriteText Library/Bee/artifacts/200b0aE.dag/VSSettingsProvider.dll.movedfrom.rsp","enqueuedNodeIndex":170,"enqueueingNodeAnnotation":"MovedFromExtractorCombine Library/Bee/artifacts/200b0aE.dag/VSSettingsProvider.dll.movedfrom","enqueueingNodeIndex":171}
{"msg":"enqueueNode","enqueuedNodeAnnotation":"Csc Library/Bee/artifacts/200b0aE.dag/Unity.PlasticSCM.Editor.dll (+2 others)","enqueuedNodeIndex":118,"enqueueingNodeAnnotation":"MovedFromExtractor Library/Bee/artifacts/movedfrom/Unity.PlasticSCM.Editor.ref.dll_14697804982844018402.movedfrom","enqueueingNodeIndex":174}
{"msg":"enqueueNode","enqueuedNodeAnnotation":"WriteText Library/Bee/artifacts/200b0aE.dag/Unity.PlasticSCM.Editor.rsp","enqueuedNodeIndex":117,"enqueueingNodeAnnotation":"Csc Library/Bee/artifacts/200b0aE.dag/Unity.PlasticSCM.Editor.dll (+2 others)","enqueueingNodeIndex":118}
{"msg":"enqueueNode","enqueuedNodeAnnotation":"Csc Library/Bee/artifacts/200b0aE.dag/Unity.Rider.Editor.dll (+2 others)","enqueuedNodeIndex":122,"enqueueingNodeAnnotation":"MovedFromExtractor Library/Bee/artifacts/movedfrom/Unity.Rider.Editor.ref.dll_11706774018472298211.movedfrom","enqueueingNodeIndex":175}
{"msg":"enqueueNode","enqueuedNodeAnnotation":"WriteText Library/Bee/artifacts/200b0aE.dag/Unity.Rider.Editor.rsp","enqueuedNodeIndex":121,"enqueueingNodeAnnotation":"Csc Library/Bee/artifacts/200b0aE.dag/Unity.Rider.Editor.dll (+2 others)","enqueueingNodeIndex":122}
{"msg":"enqueueNode","enqueuedNodeAnnotation":"Csc Library/Bee/artifacts/200b0aE.dag/Unity.TextMeshPro.Editor.dll (+2 others)","enqueuedNodeIndex":126,"enqueueingNodeAnnotation":"MovedFromExtractor Library/Bee/artifacts/movedfrom/Unity.TextMeshPro.Editor.ref.dll_14247004639641441850.movedfrom","enqueueingNodeIndex":176}
{"msg":"enqueueNode","enqueuedNodeAnnotation":"WriteText Library/Bee/artifacts/200b0aE.dag/Unity.TextMeshPro.Editor.rsp","enqueuedNodeIndex":125,"enqueueingNodeAnnotation":"Csc Library/Bee/artifacts/200b0aE.dag/Unity.TextMeshPro.Editor.dll (+2 others)","enqueueingNodeIndex":126}
{"msg":"enqueueNode","enqueuedNodeAnnotation":"Csc Library/Bee/artifacts/200b0aE.dag/Unity.Timeline.Editor.dll (+2 others)","enqueuedNodeIndex":131,"enqueueingNodeAnnotation":"MovedFromExtractor Library/Bee/artifacts/movedfrom/Unity.Timeline.Editor.ref.dll_1370744938779439902.movedfrom","enqueueingNodeIndex":177}
{"msg":"enqueueNode","enqueuedNodeAnnotation":"WriteText Library/Bee/artifacts/200b0aE.dag/Unity.Timeline.Editor.rsp","enqueuedNodeIndex":130,"enqueueingNodeAnnotation":"Csc Library/Bee/artifacts/200b0aE.dag/Unity.Timeline.Editor.dll (+2 others)","enqueueingNodeIndex":131}
{"msg":"enqueueNode","enqueuedNodeAnnotation":"Csc Library/Bee/artifacts/200b0aE.dag/Unity.VSCode.Editor.dll (+2 others)","enqueuedNodeIndex":136,"enqueueingNodeAnnotation":"MovedFromExtractor Library/Bee/artifacts/movedfrom/Unity.VSCode.Editor.ref.dll_6388319242899333029.movedfrom","enqueueingNodeIndex":178}
{"msg":"enqueueNode","enqueuedNodeAnnotation":"WriteText Library/Bee/artifacts/200b0aE.dag/Unity.VSCode.Editor.rsp","enqueuedNodeIndex":135,"enqueueingNodeAnnotation":"Csc Library/Bee/artifacts/200b0aE.dag/Unity.VSCode.Editor.dll (+2 others)","enqueueingNodeIndex":136}
{"msg":"enqueueNode","enqueuedNodeAnnotation":"Csc Library/Bee/artifacts/200b0aE.dag/Unity.VisualScripting.State.Editor.dll (+2 others)","enqueuedNodeIndex":163,"enqueueingNodeAnnotation":"MovedFromExtractor Library/Bee/artifacts/movedfrom/Unity.VisualScripting.State.Editor.ref.dll_13576910289478910627.movedfrom","enqueueingNodeIndex":179}
{"msg":"enqueueNode","enqueuedNodeAnnotation":"WriteText Library/Bee/artifacts/200b0aE.dag/Unity.VisualScripting.State.Editor.rsp","enqueuedNodeIndex":162,"enqueueingNodeAnnotation":"Csc Library/Bee/artifacts/200b0aE.dag/Unity.VisualScripting.State.Editor.dll (+2 others)","enqueueingNodeIndex":163}
{"msg":"enqueueNode","enqueuedNodeAnnotation":"Csc Library/Bee/artifacts/200b0aE.dag/Unity.VisualStudio.Editor.dll (+2 others)","enqueuedNodeIndex":149,"enqueueingNodeAnnotation":"MovedFromExtractor Library/Bee/artifacts/movedfrom/Unity.VisualStudio.Editor.ref.dll_17544914859700520121.movedfrom","enqueueingNodeIndex":180}
{"msg":"enqueueNode","enqueuedNodeAnnotation":"WriteText Library/Bee/artifacts/200b0aE.dag/Unity.VisualStudio.Editor.rsp","enqueuedNodeIndex":148,"enqueueingNodeAnnotation":"Csc Library/Bee/artifacts/200b0aE.dag/Unity.VisualStudio.Editor.dll (+2 others)","enqueueingNodeIndex":149}
{"msg":"enqueueNode","enqueuedNodeAnnotation":"WriteText Library/Bee/artifacts/200b0aE.dag/Assembly-CSharp.dll.movedfrom.rsp","enqueuedNodeIndex":181,"enqueueingNodeAnnotation":"MovedFromExtractorCombine Library/Bee/artifacts/200b0aE.dag/Assembly-CSharp.dll.movedfrom","enqueueingNodeIndex":182}
{"msg":"enqueueNode","enqueuedNodeAnnotation":"Csc Library/Bee/artifacts/200b0aE.dag/Unity.CollabProxy.Editor.dll (+2 others)","enqueuedNodeIndex":113,"enqueueingNodeAnnotation":"CopyTool Library/ScriptAssemblies/Unity.CollabProxy.Editor.dll","enqueueingNodeIndex":195}
{"msg":"enqueueNode","enqueuedNodeAnnotation":"WriteText Library/Bee/artifacts/200b0aE.dag/Unity.CollabProxy.Editor.rsp","enqueuedNodeIndex":112,"enqueueingNodeAnnotation":"Csc Library/Bee/artifacts/200b0aE.dag/Unity.CollabProxy.Editor.dll (+2 others)","enqueueingNodeIndex":113}
{"msg":"enqueueNode","enqueuedNodeAnnotation":"Csc Library/Bee/artifacts/200b0aE.dag/VSSettingsProvider.dll (+2 others)","enqueuedNodeIndex":169,"enqueueingNodeAnnotation":"CopyTool Library/ScriptAssemblies/VSSettingsProvider.dll","enqueueingNodeIndex":219}
{"msg":"enqueueNode","enqueuedNodeAnnotation":"WriteText Library/Bee/artifacts/200b0aE.dag/VSSettingsProvider.rsp","enqueuedNodeIndex":168,"enqueueingNodeAnnotation":"Csc Library/Bee/artifacts/200b0aE.dag/VSSettingsProvider.dll (+2 others)","enqueueingNodeIndex":169}
{"msg":"enqueueNode","enqueuedNodeAnnotation":"Csc Library/Bee/artifacts/200b0aE.dag/Assembly-CSharp.dll (+2 others)","enqueuedNodeIndex":173,"enqueueingNodeAnnotation":"CopyTool Library/ScriptAssemblies/Assembly-CSharp.dll","enqueueingNodeIndex":221}
{"msg":"enqueueNode","enqueuedNodeAnnotation":"WriteText Library/Bee/artifacts/200b0aE.dag/Assembly-CSharp.rsp","enqueuedNodeIndex":172,"enqueueingNodeAnnotation":"Csc Library/Bee/artifacts/200b0aE.dag/Assembly-CSharp.dll (+2 others)","enqueueingNodeIndex":173}
{"msg":"nodeRetryBuild","annotation":"Csc Library/Bee/artifacts/200b0aE.dag/UnityEngine.UI.dll (+2 others)","index":86}
{"msg":"nodeRetryBuild","annotation":"Csc Library/Bee/artifacts/200b0aE.dag/UnityEngine.TestRunner.dll (+2 others)","index":2}
{"msg":"noderesult","processed_node_count":126,"amount_of_nodes_ever_queued":222,"annotation":"Csc Library/Bee/artifacts/200b0aE.dag/UnityEngine.UI.dll (+2 others)","index":86,"exitcode":1,"outputfile":"Library/Bee/artifacts/200b0aE.dag/UnityEngine.UI.dll","stdout":"Library/PackageCache/com.unity.ugui@1.0.0/Runtime/EventSystem/UIElements/PanelRaycaster.cs(4,19): error CS0234: The type or namespace name 'EventSystems' does not exist in the namespace 'UnityEngine' (are you missing an assembly reference?)\nLibrary/PackageCache/com.unity.ugui@1.0.0/Runtime/UI/Core/CanvasUpdateRegistry.cs(3,22): error CS0234: The type or namespace name 'Collections' does not exist in the namespace 'UnityEngine.UI' (are you missing an assembly reference?)\nLibrary/PackageCache/com.unity.ugui@1.0.0/Runtime/UI/Core/Dropdown.cs(5,19): error CS0234: The type or namespace name 'EventSystems' does not exist in the namespace 'UnityEngine' (are you missing an assembly reference?)\nLibrary/PackageCache/com.unity.ugui@1.0.0/Runtime/UI/Core/Dropdown.cs(7,22): error CS0234: The type or namespace name 'CoroutineTween' does not exist in the namespace 'UnityEngine.UI' (are you missing an assembly reference?)\nLibrary/PackageCache/com.unity.ugui@1.0.0/Runtime/UI/Core/InputField.cs(4,19): error CS0234: The type or namespace name 'EventSystems' does not exist in the namespace 'UnityEngine' (are you missing an assembly reference?)\nLibrary/PackageCache/com.unity.ugui@1.0.0/Runtime/UI/Core/Selectable.cs(4,19): error CS0234: The type or namespace name 'EventSystems' does not exist in the namespace 'UnityEngine' (are you missing an assembly reference?)\nLibrary/PackageCache/com.unity.ugui@1.0.0/Runtime/UI/Core/Dropdown.cs(21,41): error CS0246: The type or namespace name 'IPointerClickHandler' could not be found (are you missing a using directive or an assembly reference?)\nLibrary/PackageCache/com.unity.ugui@1.0.0/Runtime/UI/Core/Dropdown.cs(21,63): error CS0246: The type or namespace name 'ISubmitHandler' could not be found (are you missing a using directive or an assembly reference?)\nLibrary/PackageCache/com.unity.ugui@1.0.0/Runtime/UI/Core/Dropdown.cs(21,79): error CS0246: The type or namespace name 'ICancelHandler' could not be found (are you missing a using directive or an assembly reference?)\nLibrary/PackageCache/com.unity.ugui@1.0.0/Runtime/EventSystem/UIElements/PanelRaycaster.cs(13,35): error CS0246: The type or namespace name 'BaseRaycaster' could not be found (are you missing a using directive or an assembly reference?)\nLibrary/PackageCache/com.unity.ugui@1.0.0/Runtime/UI/Core/Selectable.cs(17,9): error CS0246: The type or namespace name 'UIBehaviour' could not be found (are you missing a using directive or an assembly reference?)\nLibrary/PackageCache/com.unity.ugui@1.0.0/Runtime/UI/Core/Selectable.cs(18,9): error CS0246: The type or namespace name 'IMoveHandler' could not be found (are you missing a using directive or an assembly reference?)\nLibrary/PackageCache/com.unity.ugui@1.0.0/Runtime/UI/Core/Selectable.cs(19,9): error CS0246: The type or namespace name 'IPointerDownHandler' could not be found (are you missing a using directive or an assembly reference?)\nLibrary/PackageCache/com.unity.ugui@1.0.0/Runtime/UI/Core/Selectable.cs(19,30): error CS0246: The type or namespace name 'IPointerUpHandler' could not be found (are you missing a using directive or an assembly reference?)\nLibrary/PackageCache/com.unity.ugui@1.0.0/Runtime/UI/Core/Selectable.cs(20,9): error CS0246: The type or namespace name 'IPointerEnterHandler' could not be found (are you missing a using directive or an assembly reference?)\nLibrary/PackageCache/com.unity.ugui@1.0.0/Runtime/UI/Core/Selectable.cs(20,31): error CS0246: The type or namespace name 'IPointerExitHandler' could not be found (are you missing a using directive or an assembly reference?)\nLibrary/PackageCache/com.unity.ugui@1.0.0/Runtime/UI/Core/Selectable.cs(21,9): error CS0246: The type or namespace name 'ISelectHandler' could not be found (are you missing a using directive or an assembly reference?)\nLibrary/PackageCache/com.unity.ugui@1.0.0/Runtime/UI/Core/Selectable.cs(21,25): error CS0246: The type or namespace name 'IDeselectHandler' could not be found (are you missing a using directive or an assembly reference?)\nLibrary/PackageCache/com.unity.ugui@1.0.0/Runtime/UI/Core/CanvasUpdateRegistry.cs(86,26): error CS0246: The type or namespace name 'IndexedSet<>' could not be found (are you missing a using directive or an assembly reference?)\nLibrary/PackageCache/com.unity.ugui@1.0.0/Runtime/UI/Core/CanvasUpdateRegistry.cs(87,26): error CS0246: The type or namespace name 'IndexedSet<>' could not be found (are you missing a using directive or an assembly reference?)\nLibrary/PackageCache/com.unity.ugui@1.0.0/Runtime/UI/Core/InputField.cs(19,9): error CS0246: The type or namespace name 'IUpdateSelectedHandler' could not be found (are you missing a using directive or an assembly reference?)\nLibrary/PackageCache/com.unity.ugui@1.0.0/Runtime/UI/Core/InputField.cs(20,9): error CS0246: The type or namespace name 'IBeginDragHandler' could not be found (are you missing a using directive or an assembly reference?)\nLibrary/PackageCache/com.unity.ugui@1.0.0/Runtime/UI/Core/InputField.cs(21,9): error CS0246: The type or namespace name 'IDragHandler' could not be found (are you missing a using directive or an assembly reference?)\nLibrary/PackageCache/com.unity.ugui@1.0.0/Runtime/UI/Core/InputField.cs(22,9): error CS0246: The type or namespace name 'IEndDragHandler' could not be found (are you missing a using directive or an assembly reference?)\nLibrary/PackageCache/com.unity.ugui@1.0.0/Runtime/UI/Core/InputField.cs(23,9): error CS0246: The type or namespace name 'IPointerClickHandler' could not be found (are you missing a using directive or an assembly reference?)\nLibrary/PackageCache/com.unity.ugui@1.0.0/Runtime/UI/Core/InputField.cs(24,9): error CS0246: The type or namespace name 'ISubmitHandler' could not be found (are you missing a using directive or an assembly reference?)\nLibrary/PackageCache/com.unity.ugui@1.0.0/Runtime/UI/Core/InputField.cs(26,9): error CS0246: The type or namespace name 'ILayoutElement' could not be found (are you missing a using directive or an assembly reference?)\nLibrary/PackageCache/com.unity.ugui@1.0.0/Runtime/EventSystem/UIElements/PanelRaycaster.cs(62,38): error CS0246: The type or namespace name 'PointerEventData' could not be found (are you missing a using directive or an assembly reference?)\nLibrary/PackageCache/com.unity.ugui@1.0.0/Runtime/EventSystem/UIElements/PanelRaycaster.cs(62,71): error CS0246: The type or namespace name 'RaycastResult' could not be found (are you missing a using directive or an assembly reference?)\nLibrary/PackageCache/com.unity.ugui@1.0.0/Runtime/UI/Core/Dropdown.cs(145,16): error CS0246: The type or namespace name 'Text' could not be found (are you missing a using directive or an assembly reference?)\nLibrary/PackageCache/com.unity.ugui@1.0.0/Runtime/UI/Core/Selectable.cs(211,16): error CS0246: The type or namespace name 'Navigation' could not be found (are you missing a using directive or an assembly reference?)\nLibrary/PackageCache/com.unity.ugui@1.0.0/Runtime/UI/Core/Dropdown.cs(153,16): error CS0246: The type or namespace name 'Image' could not be found (are you missing a using directive or an assembly reference?)\nLibrary/PackageCache/com.unity.ugui@1.0.0/Runtime/EventSystem/UIElements/PanelRaycaster.cs(59,29): error CS0115: 'PanelRaycaster.sortOrderPriority': no suitable method found to override\nLibrary/PackageCache/com.unity.ugui@1.0.0/Runtime/EventSystem/UIElements/PanelRaycaster.cs(60,29): error CS0115: 'PanelRaycaster.renderOrderPriority': no suitable method found to override\nLibrary/PackageCache/com.unity.ugui@1.0.0/Runtime/EventSystem/UIElements/PanelRaycaster.cs(124,32): error CS0115: 'PanelRaycaster.eventCamera': no suitable method found to override\nLibrary/PackageCache/com.unity.ugui@1.0.0/Runtime/UI/Core/Selectable.cs(264,16): error CS0246: The type or namespace name 'ColorBlock' could not be found (are you missing a using directive or an assembly reference?)\nLibrary/PackageCache/com.unity.ugui@1.0.0/Runtime/UI/Core/Dropdown.cs(163,16): error CS0246: The type or namespace name 'Text' could not be found (are you missing a using directive or an assembly reference?)\nLibrary/PackageCache/com.unity.ugui@1.0.0/Runtime/UI/Core/Selectable.cs(295,16): error CS0246: The type or namespace name 'SpriteState' could not be found (are you missing a using directive or an assembly reference?)\nLibrary/PackageCache/com.unity.ugui@1.0.0/Runtime/UI/Core/InputField.cs(314,17): error CS0246: The type or namespace name 'BaseInput' could not be found (are you missing a using directive or an assembly reference?)\nLibrary/PackageCache/com.unity.ugui@1.0.0/Runtime/UI/Core/Dropdown.cs(171,16): error CS0246: The type or namespace name 'Image' could not be found (are you missing a using directive or an assembly reference?)\nLibrary/PackageCache/com.unity.ugui@1.0.0/Runtime/UI/Core/Selectable.cs(303,16): error CS0246: The type or namespace name 'AnimationTriggers' could not be found (are you missing a using directive or an assembly reference?)\nLibrary/PackageCache/com.unity.ugui@1.0.0/Runtime/UI/Core/Selectable.cs(329,16): error CS0246: The type or namespace name 'Graphic' could not be found (are you missing a using directive or an assembly reference?)\nLibrary/PackageCache/com.unity.ugui@1.0.0/Runtime/UI/Core/InputField.cs(571,16): error CS0246: The type or namespace name 'Text' could not be found (are you missing a using directive or an assembly reference?)\nLibrary/PackageCache/com.unity.ugui@1.0.0/Runtime/UI/Core/Selectable.cs(384,16): error CS0246: The type or namespace name 'Image' could not be found (are you missing a using directive or an assembly reference?)\nLibrary/PackageCache/com.unity.ugui@1.0.0/Runtime/UI/Core/InputField.cs(603,16): error CS0246: The type or namespace name 'Graphic' could not be found (are you missing a using directive or an assembly reference?)\nLibrary/PackageCache/com.unity.ugui@1.0.0/Runtime/UI/Core/Dropdown.cs(703,44): error CS0246: The type or namespace name 'PointerEventData' could not be found (are you missing a using directive or an assembly reference?)\nLibrary/PackageCache/com.unity.ugui@1.0.0/Runtime/UI/Core/Selectable.cs(871,23): error CS0246: The type or namespace name 'AxisEventData' could not be found (are you missing a using directive or an assembly reference?)\nLibrary/PackageCache/com.unity.ugui@1.0.0/Runtime/UI/Core/Selectable.cs(1060,36): error CS0246: The type or namespace name 'AxisEventData' could not be found (are you missing a using directive or an assembly reference?)\nLibrary/PackageCache/com.unity.ugui@1.0.0/Runtime/UI/Core/Dropdown.cs(712,38): error CS0246: The type or namespace name 'BaseEventData' could not be found (are you missing a using directive or an assembly reference?)\nLibrary/PackageCache/com.unity.ugui@1.0.0/Runtime/UI/Core/Dropdown.cs(724,38): error CS0246: The type or namespace name 'BaseEventData' could not be found (are you missing a using directive or an assembly reference?)\nLibrary/PackageCache/com.unity.ugui@1.0.0/Runtime/UI/Core/Selectable.cs(1197,43): error CS0246: The type or namespace name 'PointerEventData' could not be found (are you missing a using directive or an assembly reference?)\nLibrary/PackageCache/com.unity.ugui@1.0.0/Runtime/UI/Core/Selectable.cs(1237,41): error CS0246: The type or namespace name 'PointerEventData' could not be found (are you missing a using directive or an assembly reference?)\nLibrary/PackageCache/com.unity.ugui@1.0.0/Runtime/UI/Core/Selectable.cs(1269,44): error CS0246: The type or namespace name 'PointerEventData' could not be found (are you missing a using directive or an assembly reference?)\nLibrary/PackageCache/com.unity.ugui@1.0.0/Runtime/UI/Core/InputField.cs(1610,30): error CS0246: The type or namespace name 'PointerEventData' could not be found (are you missing a using directive or an assembly reference?)\nLibrary/PackageCache/com.unity.ugui@1.0.0/Runtime/UI/Core/Selectable.cs(1297,43): error CS0246: The type or namespace name 'PointerEventData' could not be found (are you missing a using directive or an assembly reference?)\nLibrary/PackageCache/com.unity.ugui@1.0.0/Runtime/UI/Core/InputField.cs(1623,41): error CS0246: The type or namespace name 'PointerEventData' could not be found (are you missing a using directive or an assembly reference?)\nLibrary/PackageCache/com.unity.ugui@1.0.0/Runtime/UI/Core/Selectable.cs(1325,38): error CS0246: The type or namespace name 'BaseEventData' could not be found (are you missing a using directive or an assembly reference?)\nLibrary/PackageCache/com.unity.ugui@1.0.0/Runtime/UI/Core/Dropdown.cs(1118,35): error CS0246: The type or namespace name 'Toggle' could not be found (are you missing a using directive or an assembly reference?)\nLibrary/PackageCache/com.unity.ugui@1.0.0/Runtime/UI/Core/Dropdown.cs(447,33): error CS0115: 'Dropdown.Start()': no suitable method found to override\nLibrary/PackageCache/com.unity.ugui@1.0.0/Runtime/UI/Core/Selectable.cs(1352,40): error CS0246: The type or namespace name 'BaseEventData' could not be found (are you missing a using directive or an assembly reference?)\nLibrary/PackageCache/com.unity.ugui@1.0.0/Runtime/UI/Core/InputField.cs(1635,36): error CS0246: The type or namespace name 'PointerEventData' could not be found (are you missing a using directive or an assembly reference?)\nLibrary/PackageCache/com.unity.ugui@1.0.0/Runtime/UI/Core/Selectable.cs(421,33): error CS0115: 'Selectable.Awake()': no suitable method found to override\nLibrary/PackageCache/com.unity.ugui@1.0.0/Runtime/UI/Core/Selectable.cs(428,33): error CS0115: 'Selectable.OnCanvasGroupChanged()': no suitable method found to override\nLibrary/PackageCache/com.unity.ugui@1.0.0/Runtime/UI/Core/Selectable.cs(497,33): error CS0115: 'Selectable.OnDidApplyAnimationProperties()': no suitable method found to override\nLibrary/PackageCache/com.unity.ugui@1.0.0/Runtime/UI/Core/Selectable.cs(503,33): error CS0115: 'Selectable.OnEnable()': no suitable method found to override\nLibrary/PackageCache/com.unity.ugui@1.0.0/Runtime/UI/Core/Selectable.cs(532,33): error CS0115: 'Selectable.OnTransformParentChanged()': no suitable method found to override\nLibrary/PackageCache/com.unity.ugui@1.0.0/Runtime/UI/Core/Selectable.cs(551,33): error CS0115: 'Selectable.OnDisable()': no suitable method found to override\nLibrary/PackageCache/com.unity.ugui@1.0.0/Runtime/UI/Core/Selectable.cs(575,33): error CS0115: 'Selectable.OnValidate()': no suitable method found to override\nLibrary/PackageCache/com.unity.ugui@1.0.0/Runtime/UI/Core/Selectable.cs(599,33): error CS0115: 'Selectable.Reset()': no suitable method found to override\nLibrary/PackageCache/com.unity.ugui@1.0.0/Runtime/UI/Core/Dropdown.cs(140,17): error CS0246: The type or namespace name 'Text' could not be found (are you missing a using directive or an assembly reference?)\nLibrary/PackageCache/com.unity.ugui@1.0.0/Runtime/UI/Core/InputField.cs(1657,42): error CS0246: The type or namespace name 'PointerEventData' could not be found (are you missing a using directive or an assembly reference?)\nLibrary/PackageCache/com.unity.ugui@1.0.0/Runtime/UI/Core/Selectable.cs(127,17): error CS0246: The type or namespace name 'Navigation' could not be found (are you missing a using directive or an assembly reference?)\nLibrary/PackageCache/com.unity.ugui@1.0.0/Runtime/UI/Core/Dropdown.cs(148,17): error CS0246: The type or namespace name 'Image' could not be found (are you missing a using directive or an assembly reference?)\nLibrary/PackageCache/com.unity.ugui@1.0.0/Runtime/UI/Core/InputField.cs(1699,39): error CS0246: The type or namespace name 'PointerEventData' could not be found (are you missing a using directive or an assembly reference?)\nLibrary/PackageCache/com.unity.ugui@1.0.0/Runtime/UI/Core/Selectable.cs(163,17): error CS0246: The type or namespace name 'ColorBlock' could not be found (are you missing a using directive or an assembly reference?)\nLibrary/PackageCache/com.unity.ugui@1.0.0/Runtime/UI/Core/Selectable.cs(168,17): error CS0246: The type or namespace name 'SpriteState' could not be found (are you missing a using directive or an assembly reference?)\nLibrary/PackageCache/com.unity.ugui@1.0.0/Runtime/UI/Core/Dropdown.cs(158,17): error CS0246: The type or namespace name 'Text' could not be found (are you missing a using directive or an assembly reference?)\nLibrary/PackageCache/com.unity.ugui@1.0.0/Runtime/UI/Core/InputField.cs(1710,44): error CS0246: The type or namespace name 'PointerEventData' could not be found (are you missing a using directive or an assembly reference?)\nLibrary/PackageCache/com.unity.ugui@1.0.0/Runtime/UI/Core/Selectable.cs(172,17): error CS0246: The type or namespace name 'AnimationTriggers' could not be found (are you missing a using directive or an assembly reference?)\nLibrary/PackageCache/com.unity.ugui@1.0.0/Runtime/UI/Core/Dropdown.cs(166,17): error CS0246: The type or namespace name 'Image' could not be found (are you missing a using directive or an assembly reference?)\nLibrary/PackageCache/com.unity.ugui@1.0.0/Runtime/UI/Core/Selectable.cs(182,17): error CS0246: The type or namespace name 'Graphic' could not be found (are you missing a using directive or an assembly reference?)\nLibrary/PackageCache/com.unity.ugui@1.0.0/Runtime/UI/Core/InputField.cs(1961,46): error CS0246: The type or namespace name 'BaseEventData' could not be found (are you missing a using directive or an assembly reference?)\nLibrary/PackageCache/com.unity.ugui@1.0.0/Runtime/UI/Core/Dropdown.cs(344,17): error CS0246: The type or namespace name 'TweenRunner<>' could not be found (are you missing a using directive or an assembly reference?)\nLibrary/PackageCache/com.unity.ugui@1.0.0/Runtime/UI/Core/Dropdown.cs(344,29): error CS0246: The type or namespace name 'FloatTween' could not be found (are you missing a using directive or an assembly reference?)\nLibrary/PackageCache/com.unity.ugui@1.0.0/Runtime/UI/Core/InputField.cs(2745,36): error CS0246: The type or namespace name 'VertexHelper' could not be found (are you missing a using directive or an assembly reference?)\nLibrary/PackageCache/com.unity.ugui@1.0.0/Runtime/UI/Core/InputField.cs(2837,40): error CS0246: The type or namespace name 'VertexHelper' could not be found (are you missing a using directive or an assembly reference?)\nLibrary/PackageCache/com.unity.ugui@1.0.0/Runtime/UI/Core/InputField.cs(3106,39): error CS0246: The type or namespace name 'BaseEventData' could not be found (are you missing a using directive or an assembly reference?)\nLibrary/PackageCache/com.unity.ugui@1.0.0/Runtime/UI/Core/Dropdown.cs(23,64): error CS0246: The type or namespace name 'IPointerEnterHandler' could not be found (are you missing a using directive or an assembly reference?)\nLibrary/PackageCache/com.unity.ugui@1.0.0/Runtime/UI/Core/Dropdown.cs(23,86): error CS0246: The type or namespace name 'ICancelHandler' could not be found (are you missing a using directive or an assembly reference?)\nLibrary/PackageCache/com.unity.ugui@1.0.0/Runtime/UI/Core/InputField.cs(3118,44): error CS0246: The type or namespace name 'PointerEventData' could not be found (are you missing a using directive or an assembly reference?)\nLibrary/PackageCache/com.unity.ugui@1.0.0/Runtime/UI/Core/InputField.cs(3186,41): error CS0246: The type or namespace name 'BaseEventData' could not be found (are you missing a using directive or an assembly reference?)\nLibrary/PackageCache/com.unity.ugui@1.0.0/Runtime/UI/Core/Dropdown.cs(26,21): error CS0246: The type or namespace name 'Text' could not be found (are you missing a using directive or an assembly reference?)\nLibrary/PackageCache/com.unity.ugui@1.0.0/Runtime/UI/Core/InputField.cs(3192,38): error CS0246: The type or namespace name 'BaseEventData' could not be found (are you missing a using directive or an assembly reference?)\nLibrary/PackageCache/com.unity.ugui@1.0.0/Runtime/UI/Core/Dropdown.cs(28,21): error CS0246: The type or namespace name 'Image' could not be found (are you missing a using directive or an assembly reference?)\nLibrary/PackageCache/com.unity.ugui@1.0.0/Runtime/UI/Core/Dropdown.cs(32,21): error CS0246: The type or namespace name 'Toggle' could not be found (are you missing a using directive or an assembly reference?)\nLibrary/PackageCache/com.unity.ugui@1.0.0/Runtime/UI/Core/Dropdown.cs(34,20): error CS0246: The type or namespace name 'Text' could not be found (are you missing a using directive or an assembly reference?)\nLibrary/PackageCache/com.unity.ugui@1.0.0/Runtime/UI/Core/Dropdown.cs(35,20): error CS0246: The type or namespace name 'Image' could not be found (are you missing a using directive or an assembly reference?)\nLibrary/PackageCache/com.unity.ugui@1.0.0/Runtime/UI/Core/Dropdown.cs(37,20): error CS0246: The type or namespace name 'Toggle' could not be found (are you missing a using directive or an assembly reference?)\nLibrary/PackageCache/com.unity.ugui@1.0.0/Runtime/UI/Core/Dropdown.cs(39,48): error CS0246: The type or namespace name 'PointerEventData' could not be found (are you missing a using directive or an assembly reference?)\nLibrary/PackageCache/com.unity.ugui@1.0.0/Runtime/UI/Core/Dropdown.cs(44,42): error CS0246: The type or namespace name 'BaseEventData' could not be found (are you missing a using directive or an assembly reference?)\nLibrary/PackageCache/com.unity.ugui@1.0.0/Runtime/UI/Core/InputField.cs(25,9): error CS0535: 'InputField' does not implement interface member 'ICanvasElement.transform'\nLibrary/PackageCache/com.unity.ugui@1.0.0/Runtime/UI/Core/InputField.cs(25,9): error CS0535: 'InputField' does not implement interface member 'ICanvasElement.IsDestroyed()'\nLibrary/PackageCache/com.unity.ugui@1.0.0/Runtime/UI/Core/InputField.cs(209,19): error CS0246: The type or namespace name 'Text' could not be found (are you missing a using directive or an assembly reference?)\nLibrary/PackageCache/com.unity.ugui@1.0.0/Runtime/UI/Core/InputField.cs(212,19): error CS0246: The type or namespace name 'Graphic' could not be found (are you missing a using directive or an assembly reference?)"}
{"msg":"noderesult","processed_node_count":126,"amount_of_nodes_ever_queued":222,"annotation":"Csc Library/Bee/artifacts/200b0aE.dag/UnityEngine.TestRunner.dll (+2 others)","index":2,"exitcode":1,"outputfile":"Library/Bee/artifacts/200b0aE.dag/UnityEngine.TestRunner.dll","stdout":"Library/PackageCache/com.unity.test-framework@1.1.29/UnityEngine.TestRunner/NUnitExtensions/Attributes/TestEnumerator.cs(3,7): error CS0246: The type or namespace name 'NUnit' could not be found (are you missing a using directive or an assembly reference?)\nLibrary/PackageCache/com.unity.test-framework@1.1.29/UnityEngine.TestRunner/NUnitExtensions/Attributes/TestEnumerator.cs(4,7): error CS0246: The type or namespace name 'NUnit' could not be found (are you missing a using directive or an assembly reference?)\nLibrary/PackageCache/com.unity.test-framework@1.1.29/UnityEngine.TestRunner/NUnitExtensions/Attributes/TestEnumerator.cs(5,7): error CS0246: The type or namespace name 'NUnit' could not be found (are you missing a using directive or an assembly reference?)\nLibrary/PackageCache/com.unity.test-framework@1.1.29/UnityEngine.TestRunner/NUnitExtensions/Commands/BeforeAfterTestCommandBase.cs(6,7): error CS0246: The type or namespace name 'NUnit' could not be found (are you missing a using directive or an assembly reference?)\nLibrary/PackageCache/com.unity.test-framework@1.1.29/UnityEngine.TestRunner/NUnitExtensions/Commands/BeforeAfterTestCommandBase.cs(7,7): error CS0246: The type or namespace name 'NUnit' could not be found (are you missing a using directive or an assembly reference?)\nLibrary/PackageCache/com.unity.test-framework@1.1.29/UnityEngine.TestRunner/NUnitExtensions/Commands/BeforeAfterTestCommandBase.cs(8,7): error CS0246: The type or namespace name 'NUnit' could not be found (are you missing a using directive or an assembly reference?)\nLibrary/PackageCache/com.unity.test-framework@1.1.29/UnityEngine.TestRunner/NUnitExtensions/Commands/BeforeAfterTestCommandBase.cs(9,7): error CS0246: The type or namespace name 'NUnit' could not be found (are you missing a using directive or an assembly reference?)\nLibrary/PackageCache/com.unity.test-framework@1.1.29/UnityEngine.TestRunner/NUnitExtensions/Commands/BeforeAfterTestCommandBase.cs(12,29): error CS0234: The type or namespace name 'Logging' does not exist in the namespace 'UnityEngine.TestTools' (are you missing an assembly reference?)\nLibrary/PackageCache/com.unity.test-framework@1.1.29/UnityEngine.TestRunner/NUnitExtensions/Commands/EnumerableRepeatedTestCommand.cs(4,7): error CS0246: The type or namespace name 'NUnit' could not be found (are you missing a using directive or an assembly reference?)\nLibrary/PackageCache/com.unity.test-framework@1.1.29/UnityEngine.TestRunner/NUnitExtensions/Commands/EnumerableRepeatedTestCommand.cs(5,7): error CS0246: The type or namespace name 'NUnit' could not be found (are you missing a using directive or an assembly reference?)\nLibrary/PackageCache/com.unity.test-framework@1.1.29/UnityEngine.TestRunner/NUnitExtensions/Commands/EnumerableRepeatedTestCommand.cs(6,7): error CS0246: The type or namespace name 'NUnit' could not be found (are you missing a using directive or an assembly reference?)\nLibrary/PackageCache/com.unity.test-framework@1.1.29/UnityEngine.TestRunner/NUnitExtensions/Commands/EnumerableRepeatedTestCommand.cs(7,7): error CS0246: The type or namespace name 'NUnit' could not be found (are you missing a using directive or an assembly reference?)\nLibrary/PackageCache/com.unity.test-framework@1.1.29/UnityEngine.TestRunner/NUnitExtensions/Commands/EnumerableRetryTestCommand.cs(4,7): error CS0246: The type or namespace name 'NUnit' could not be found (are you missing a using directive or an assembly reference?)\nLibrary/PackageCache/com.unity.test-framework@1.1.29/UnityEngine.TestRunner/NUnitExtensions/Commands/EnumerableRetryTestCommand.cs(5,7): error CS0246: The type or namespace name 'NUnit' could not be found (are you missing a using directive or an assembly reference?)\nLibrary/PackageCache/com.unity.test-framework@1.1.29/UnityEngine.TestRunner/NUnitExtensions/Commands/EnumerableRetryTestCommand.cs(6,7): error CS0246: The type or namespace name 'NUnit' could not be found (are you missing a using directive or an assembly reference?)\nLibrary/PackageCache/com.unity.test-framework@1.1.29/UnityEngine.TestRunner/NUnitExtensions/Commands/EnumerableRetryTestCommand.cs(7,7): error CS0246: The type or namespace name 'NUnit' could not be found (are you missing a using directive or an assembly reference?)\nLibrary/PackageCache/com.unity.test-framework@1.1.29/UnityEngine.TestRunner/NUnitExtensions/Commands/EnumerableSetUpTearDownCommand.cs(6,7): error CS0246: The type or namespace name 'NUnit' could not be found (are you missing a using directive or an assembly reference?)\nLibrary/PackageCache/com.unity.test-framework@1.1.29/UnityEngine.TestRunner/NUnitExtensions/Commands/EnumerableSetUpTearDownCommand.cs(7,7): error CS0246: The type or namespace name 'NUnit' could not be found (are you missing a using directive or an assembly reference?)\nLibrary/PackageCache/com.unity.test-framework@1.1.29/UnityEngine.TestRunner/NUnitExtensions/Commands/EnumerableTestMethodCommand.cs(4,7): error CS0246: The type or namespace name 'NUnit' could not be found (are you missing a using directive or an assembly reference?)\nLibrary/PackageCache/com.unity.test-framework@1.1.29/UnityEngine.TestRunner/NUnitExtensions/Commands/EnumerableTestMethodCommand.cs(5,7): error CS0246: The type or namespace name 'NUnit' could not be found (are you missing a using directive or an assembly reference?)\nLibrary/PackageCache/com.unity.test-framework@1.1.29/UnityEngine.TestRunner/NUnitExtensions/Commands/EnumerableTestMethodCommand.cs(6,7): error CS0246: The type or namespace name 'NUnit' could not be found (are you missing a using directive or an assembly reference?)\nLibrary/PackageCache/com.unity.test-framework@1.1.29/UnityEngine.TestRunner/NUnitExtensions/Commands/EnumerableTestMethodCommand.cs(7,7): error CS0246: The type or namespace name 'NUnit' could not be found (are you missing a using directive or an assembly reference?)\nLibrary/PackageCache/com.unity.test-framework@1.1.29/UnityEngine.TestRunner/NUnitExtensions/Commands/EnumerableTestMethodCommand.cs(8,7): error CS0246: The type or namespace name 'NUnit' could not be found (are you missing a using directive or an assembly reference?)\nLibrary/PackageCache/com.unity.test-framework@1.1.29/UnityEngine.TestRunner/NUnitExtensions/Commands/OuterUnityTestActionCommand.cs(4,7): error CS0246: The type or namespace name 'NUnit' could not be found (are you missing a using directive or an assembly reference?)\nLibrary/PackageCache/com.unity.test-framework@1.1.29/UnityEngine.TestRunner/NUnitExtensions/Commands/OuterUnityTestActionCommand.cs(5,7): error CS0246: The type or namespace name 'NUnit' could not be found (are you missing a using directive or an assembly reference?)\nLibrary/PackageCache/com.unity.test-framework@1.1.29/UnityEngine.TestRunner/NUnitExtensions/Commands/SetUpTearDownCommand.cs(6,7): error CS0246: The type or namespace name 'NUnit' could not be found (are you missing a using directive or an assembly reference?)\nLibrary/PackageCache/com.unity.test-framework@1.1.29/UnityEngine.TestRunner/NUnitExtensions/Commands/SetUpTearDownCommand.cs(7,7): error CS0246: The type or namespace name 'NUnit' could not be found (are you missing a using directive or an assembly reference?)\nLibrary/PackageCache/com.unity.test-framework@1.1.29/UnityEngine.TestRunner/NUnitExtensions/Commands/SetUpTearDownCommand.cs(8,7): error CS0246: The type or namespace name 'NUnit' could not be found (are you missing a using directive or an assembly reference?)\nLibrary/PackageCache/com.unity.test-framework@1.1.29/UnityEngine.TestRunner/NUnitExtensions/Commands/TestActionCommand.cs(4,7): error CS0246: The type or namespace name 'NUnit' could not be found (are you missing a using directive or an assembly reference?)\nLibrary/PackageCache/com.unity.test-framework@1.1.29/UnityEngine.TestRunner/NUnitExtensions/Commands/TestActionCommand.cs(5,7): error CS0246: The type or namespace name 'NUnit' could not be found (are you missing a using directive or an assembly reference?)\nLibrary/PackageCache/com.unity.test-framework@1.1.29/UnityEngine.TestRunner/NUnitExtensions/Commands/TestActionCommand.cs(6,7): error CS0246: The type or namespace name 'NUnit' could not be found (are you missing a using directive or an assembly reference?)\nLibrary/PackageCache/com.unity.test-framework@1.1.29/UnityEngine.TestRunner/NUnitExtensions/Filters/FullNameFilter.cs(3,7): error CS0246: The type or namespace name 'NUnit' could not be found (are you missing a using directive or an assembly reference?)\nLibrary/PackageCache/com.unity.test-framework@1.1.29/UnityEngine.TestRunner/NUnitExtensions/Runner/CompositeWorkItem.cs(6,7): error CS0246: The type or namespace name 'NUnit' could not be found (are you missing a using directive or an assembly reference?)\nLibrary/PackageCache/com.unity.test-framework@1.1.29/UnityEngine.TestRunner/NUnitExtensions/Runner/CompositeWorkItem.cs(7,7): error CS0246: The type or namespace name 'NUnit' could not be found (are you missing a using directive or an assembly reference?)\nLibrary/PackageCache/com.unity.test-framework@1.1.29/UnityEngine.TestRunner/NUnitExtensions/Runner/CompositeWorkItem.cs(8,7): error CS0246: The type or namespace name 'NUnit' could not be found (are you missing a using directive or an assembly reference?)\nLibrary/PackageCache/com.unity.test-framework@1.1.29/UnityEngine.TestRunner/NUnitExtensions/Runner/CompositeWorkItem.cs(9,7): error CS0246: The type or namespace name 'NUnit' could not be found (are you missing a using directive or an assembly reference?)\nLibrary/PackageCache/com.unity.test-framework@1.1.29/UnityEngine.TestRunner/NUnitExtensions/Runner/CompositeWorkItem.cs(10,7): error CS0246: The type or namespace name 'NUnit' could not be found (are you missing a using directive or an assembly reference?)\nLibrary/PackageCache/com.unity.test-framework@1.1.29/UnityEngine.TestRunner/NUnitExtensions/Runner/CompositeWorkItem.cs(11,29): error CS0234: The type or namespace name 'Logging' does not exist in the namespace 'UnityEngine.TestTools' (are you missing an assembly reference?)\nLibrary/PackageCache/com.unity.test-framework@1.1.29/UnityEngine.TestRunner/NUnitExtensions/TestExtensions.cs(4,7): error CS0246: The type or namespace name 'NUnit' could not be found (are you missing a using directive or an assembly reference?)\nLibrary/PackageCache/com.unity.test-framework@1.1.29/UnityEngine.TestRunner/NUnitExtensions/TestExtensions.cs(5,7): error CS0246: The type or namespace name 'NUnit' could not be found (are you missing a using directive or an assembly reference?)\nLibrary/PackageCache/com.unity.test-framework@1.1.29/UnityEngine.TestRunner/TestRunner/Callbacks/PlayerQuitHandler.cs(1,7): error CS0246: The type or namespace name 'NUnit' could not be found (are you missing a using directive or an assembly reference?)\nLibrary/PackageCache/com.unity.test-framework@1.1.29/UnityEngine.TestRunner/TestRunner/RemoteHelpers/RemoteTestResultData.cs(4,7): error CS0246: The type or namespace name 'NUnit' could not be found (are you missing a using directive or an assembly reference?)\nLibrary/PackageCache/com.unity.test-framework@1.1.29/UnityEngine.TestRunner/TestRunner/RemoteHelpers/RemoteTestResultDataFactory.cs(3,7): error CS0246: The type or namespace name 'NUnit' could not be found (are you missing a using directive or an assembly reference?)\nLibrary/PackageCache/com.unity.test-framework@1.1.29/UnityEngine.TestRunner/TestRunner/RuntimeTestRunnerFilter.cs(5,7): error CS0246: The type or namespace name 'NUnit' could not be found (are you missing a using directive or an assembly reference?)\nLibrary/PackageCache/com.unity.test-framework@1.1.29/UnityEngine.TestRunner/TestRunner/RuntimeTestRunnerFilter.cs(6,7): error CS0246: The type or namespace name 'NUnit' could not be found (are you missing a using directive or an assembly reference?)\nLibrary/PackageCache/com.unity.test-framework@1.1.29/UnityEngine.TestRunner/TestRunner/RuntimeTestRunnerFilter.cs(7,7): error CS0246: The type or namespace name 'NUnit' could not be found (are you missing a using directive or an assembly reference?)\nLibrary/PackageCache/com.unity.test-framework@1.1.29/UnityEngine.TestRunner/NUnitExtensions/Filters/FullNameFilter.cs(7,37): error CS0246: The type or namespace name 'NUnit' could not be found (are you missing a using directive or an assembly reference?)\nLibrary/PackageCache/com.unity.test-framework@1.1.29/UnityEngine.TestRunner/TestRunner/Callbacks/PlayerQuitHandler.cs(7,55): error CS0246: The type or namespace name 'ITestRunnerListener' could not be found (are you missing a using directive or an assembly reference?)\nLibrary/PackageCache/com.unity.test-framework@1.1.29/UnityEngine.TestRunner/TestRunner/RemoteHelpers/RemoteTestResultDataFactory.cs(8,50): error CS0246: The type or namespace name 'IRemoteTestResultDataFactory' could not be found (are you missing a using directive or an assembly reference?)\nLibrary/PackageCache/com.unity.test-framework@1.1.29/UnityEngine.TestRunner/NUnitExtensions/Filters/FullNameFilter.cs(13,36): error CS0246: The type or namespace name 'ITest' could not be found (are you missing a using directive or an assembly reference?)\nLibrary/PackageCache/com.unity.test-framework@1.1.29/UnityEngine.TestRunner/NUnitExtensions/Commands/TestActionCommand.cs(11,67): error CS0246: The type or namespace name 'ITestAction' could not be found (are you missing a using directive or an assembly reference?)\nLibrary/PackageCache/com.unity.test-framework@1.1.29/UnityEngine.TestRunner/NUnitExtensions/Filters/FullNameFilter.cs(18,35): error CS0115: 'FullNameFilter.ElementName': no suitable method found to override\nLibrary/PackageCache/com.unity.test-framework@1.1.29/UnityEngine.TestRunner/NUnitExtensions/Attributes/TestEnumerator.cs(12,26): error CS0246: The type or namespace name 'ITestExecutionContext' could not be found (are you missing a using directive or an assembly reference?)\nLibrary/PackageCache/com.unity.test-framework@1.1.29/UnityEngine.TestRunner/NUnitExtensions/Commands/EnumerableRepeatedTestCommand.cs(12,52): error CS0246: The type or namespace name 'DelegatingTestCommand' could not be found (are you missing a using directive or an assembly reference?)\nLibrary/PackageCache/com.unity.test-framework@1.1.29/UnityEngine.TestRunner/NUnitExtensions/Commands/EnumerableRepeatedTestCommand.cs(12,75): error CS0246: The type or namespace name 'IEnumerableTestMethodCommand' could not be found (are you missing a using directive or an assembly reference?)\nLibrary/PackageCache/com.unity.test-framework@1.1.29/UnityEngine.TestRunner/NUnitExtensions/Runner/CompositeWorkItem.cs(17,40): error CS0246: The type or namespace name 'UnityWorkItem' could not be found (are you missing a using directive or an assembly reference?)\nLibrary/PackageCache/com.unity.test-framework@1.1.29/UnityEngine.TestRunner/NUnitExtensions/Commands/EnumerableTestMethodCommand.cs(16,50): error CS0246: The type or namespace name 'TestCommand' could not be found (are you missing a using directive or an assembly reference?)\nLibrary/PackageCache/com.unity.test-framework@1.1.29/UnityEngine.TestRunner/NUnitExtensions/Commands/EnumerableTestMethodCommand.cs(16,63): error CS0246: The type or namespace name 'IEnumerableTestMethodCommand' could not be found (are you missing a using directive or an assembly reference?)\nLibrary/PackageCache/com.unity.test-framework@1.1.29/UnityEngine.TestRunner/NUnitExtensions/Commands/EnumerableRetryTestCommand.cs(12,49): error CS0246: The type or namespace name 'DelegatingTestCommand' could not be found (are you missing a using directive or an assembly reference?)\nLibrary/PackageCache/com.unity.test-framework@1.1.29/UnityEngine.TestRunner/NUnitExtensions/Commands/EnumerableRetryTestCommand.cs(12,72): error CS0246: The type or namespace name 'IEnumerableTestMethodCommand' could not be found (are you missing a using directive or an assembly reference?)\nLibrary/PackageCache/com.unity.test-framework@1.1.29/UnityEngine.TestRunner/TestRunner/RemoteHelpers/RemoteTestResultDataFactory.cs(10,70): error CS0246: The type or namespace name 'ITestResult' could not be found (are you missing a using directive or an assembly reference?)\nLibrary/PackageCache/com.unity.test-framework@1.1.29/UnityEngine.TestRunner/TestRunner/RemoteHelpers/RemoteTestResultDataFactory.cs(10,16): error CS0246: The type or namespace name 'RemoteTestResultDataWithTestData' could not be found (are you missing a using directive or an assembly reference?)\nLibrary/PackageCache/com.unity.test-framework@1.1.29/UnityEngine.TestRunner/NUnitExtensions/TestExtensions.cs(12,67): error CS0246: The type or namespace name 'ITest' could not be found (are you missing a using directive or an assembly reference?)\nLibrary/PackageCache/com.unity.test-framework@1.1.29/UnityEngine.TestRunner/NUnitExtensions/Commands/BeforeAfterTestCommandBase.cs(17,61): error CS0246: The type or namespace name 'DelegatingTestCommand' could not be found (are you missing a using directive or an assembly reference?)\nLibrary/PackageCache/com.unity.test-framework@1.1.29/UnityEngine.TestRunner/NUnitExtensions/Commands/BeforeAfterTestCommandBase.cs(17,84): error CS0246: The type or namespace name 'IEnumerableTestMethodCommand' could not be found (are you missing a using directive or an assembly reference?)\nLibrary/PackageCache/com.unity.test-framework@1.1.29/UnityEngine.TestRunner/NUnitExtensions/Attributes/TestEnumerator.cs(22,31): error CS0246: The type or namespace name 'ITestExecutionContext' could not be found (are you missing a using directive or an assembly reference?)\nLibrary/PackageCache/com.unity.test-framework@1.1.29/UnityEngine.TestRunner/TestRunner/RemoteHelpers/RemoteTestResultData.cs(15,16): error CS0246: The type or namespace name 'TestStatus' could not be found (are you missing a using directive or an assembly reference?)\nLibrary/PackageCache/com.unity.test-framework@1.1.29/UnityEngine.TestRunner/TestRunner/Callbacks/PlayerQuitHandler.cs(29,32): error CS0246: The type or namespace name 'ITest' could not be found (are you missing a using directive or an assembly reference?)\nLibrary/PackageCache/com.unity.test-framework@1.1.29/UnityEngine.TestRunner/TestRunner/RuntimeTestRunnerFilter.cs(22,16): error CS0246: The type or namespace name 'ITestFilter' could not be found (are you missing a using directive or an assembly reference?)\nLibrary/PackageCache/com.unity.test-framework@1.1.29/UnityEngine.TestRunner/TestRunner/RemoteHelpers/RemoteTestResultDataFactory.cs(21,64): error CS0246: The type or namespace name 'ITest' could not be found (are you missing a using directive or an assembly reference?)\nLibrary/PackageCache/com.unity.test-framework@1.1.29/UnityEngine.TestRunner/TestRunner/RemoteHelpers/RemoteTestResultDataFactory.cs(21,16): error CS0246: The type or namespace name 'RemoteTestResultDataWithTestData' could not be found (are you missing a using directive or an assembly reference?)\nLibrary/PackageCache/com.unity.test-framework@1.1.29/UnityEngine.TestRunner/NUnitExtensions/TestExtensions.cs(26,45): error CS0246: The type or namespace name 'ITest' could not be found (are you missing a using directive or an assembly reference?)\nLibrary/PackageCache/com.unity.test-framework@1.1.29/UnityEngine.TestRunner/NUnitExtensions/Commands/EnumerableTestMethodCommand.cs(26,46): error CS0246: The type or namespace name 'ITestExecutionContext' could not be found (are you missing a using directive or an assembly reference?)\nLibrary/PackageCache/com.unity.test-framework@1.1.29/UnityEngine.TestRunner/TestRunner/Callbacks/PlayerQuitHandler.cs(33,33): error CS0246: The type or namespace name 'ITestResult' could not be found (are you missing a using directive or an assembly reference?)\nLibrary/PackageCache/com.unity.test-framework@1.1.29/UnityEngine.TestRunner/NUnitExtensions/Attributes/TestEnumerator.cs(70,30): error CS0246: The type or namespace name 'ITestExecutionContext' could not be found (are you missing a using directive or an assembly reference?)\nLibrary/PackageCache/com.unity.test-framework@1.1.29/UnityEngine.TestRunner/NUnitExtensions/Commands/EnumerableRetryTestCommand.cs(23,44): error CS0246: The type or namespace name 'ITestExecutionContext' could not be found (are you missing a using directive or an assembly reference?)\nLibrary/PackageCache/com.unity.test-framework@1.1.29/UnityEngine.TestRunner/NUnitExtensions/Commands/EnumerableRetryTestCommand.cs(23,25): error CS0246: The type or namespace name 'TestResult' could not be found (are you missing a using directive or an assembly reference?)\nLibrary/PackageCache/com.unity.test-framework@1.1.29/UnityEngine.TestRunner/NUnitExtensions/Commands/EnumerableRepeatedTestCommand.cs(23,44): error CS0246: The type or namespace name 'ITestExecutionContext' could not be found (are you missing a using directive or an assembly reference?)\nLibrary/PackageCache/com.unity.test-framework@1.1.29/UnityEngine.TestRunner/NUnitExtensions/Commands/EnumerableRepeatedTestCommand.cs(23,25): error CS0246: The type or namespace name 'TestResult' could not be found (are you missing a using directive or an assembly reference?)\nLibrary/PackageCache/com.unity.test-framework@1.1.29/UnityEngine.TestRunner/TestRunner/Callbacks/PlayerQuitHandler.cs(37,33): error CS0246: The type or namespace name 'ITest' could not be found (are you missing a using directive or an assembly reference?)\nLibrary/PackageCache/com.unity.test-framework@1.1.29/UnityEngine.TestRunner/NUnitExtensions/Attributes/TestEnumerator.cs(72,38): error CS0246: The type or namespace name 'ITestExecutionContext' could not be found (are you missing a using directive or an assembly reference?)\nLibrary/PackageCache/com.unity.test-framework@1.1.29/UnityEngine.TestRunner/NUnitExtensions/TestExtensions.cs(32,66): error CS0246: The type or namespace name 'ITest' could not be found (are you missing a using directive or an assembly reference?)\nLibrary/PackageCache/com.unity.test-framework@1.1.29/UnityEngine.TestRunner/TestRunner/RemoteHelpers/RemoteTestResultData.cs(31,39): error CS0246: The type or namespace name 'ITestResult' could not be found (are you missing a using directive or an assembly reference?)\nLibrary/PackageCache/com.unity.test-framework@1.1.29/UnityEngine.TestRunner/NUnitExtensions/Runner/CompositeWorkItem.cs(25,21): error CS0246: The type or namespace name 'UnityWorkItem' could not be found (are you missing a using directive or an assembly reference?)\nLibrary/PackageCache/com.unity.test-framework@1.1.29/UnityEngine.TestRunner/NUnitExtensions/Commands/OuterUnityTestActionCommand.cs(10,77): error CS0246: The type or namespace name 'IOuterUnityTestAction' could not be found (are you missing a using directive or an assembly reference?)\nLibrary/PackageCache/com.unity.test-framework@1.1.29/UnityEngine.TestRunner/TestRunner/Callbacks/PlayerQuitHandler.cs(41,34): error CS0246: The type or namespace name 'ITestResult' could not be found (are you missing a using directive or an assembly reference?)\nLibrary/PackageCache/com.unity.test-framework@1.1.29/UnityEngine.TestRunner/NUnitExtensions/Commands/EnumerableRetryTestCommand.cs(28,46): error CS0246: The type or namespace name 'ITestExecutionContext' could not be found (are you missing a using directive or an assembly reference?)\nLibrary/PackageCache/com.unity.test-framework@1.1.29/UnityEngine.TestRunner/TestRunner/RemoteHelpers/RemoteTestResultDataFactory.cs(35,53): error CS0246: The type or namespace name 'ITest' could not be found (are you missing a using directive or an assembly reference?)\nLibrary/PackageCache/com.unity.test-framework@1.1.29/UnityEngine.TestRunner/TestRunner/RemoteHelpers/RemoteTestResultDataFactory.cs(35,17): error CS0246: The type or namespace name 'RemoteTestData' could not be found (are you missing a using directive or an assembly reference?)\nLibrary/PackageCache/com.unity.test-framework@1.1.29/UnityEngine.TestRunner/NUnitExtensions/Commands/EnumerableRepeatedTestCommand.cs(28,46): error CS0246: The type or namespace name 'ITestExecutionContext' could not be found (are you missing a using directive or an assembly reference?)\nLibrary/PackageCache/com.unity.test-framework@1.1.29/UnityEngine.TestRunner/NUnitExtensions/TestExtensions.cs(42,56): error CS0246: The type or namespace name 'ITest' could not be found (are you missing a using directive or an assembly reference?)\nLibrary/PackageCache/com.unity.test-framework@1.1.29/UnityEngine.TestRunner/TestRunner/RemoteHelpers/RemoteTestResultDataFactory.cs(43,72): error CS0246: The type or namespace name 'ITestResult' could not be found (are you missing a using directive or an assembly reference?)\nLibrary/PackageCache/com.unity.test-framework@1.1.29/UnityEngine.TestRunner/NUnitExtensions/Commands/EnumerableRetryTestCommand.cs(16,43): error CS0246: The type or namespace name 'RetryAttribute' could not be found (are you missing a using directive or an assembly reference?)\nLibrary/PackageCache/com.unity.test-framework@1.1.29/UnityEngine.TestRunner/NUnitExtensions/Commands/EnumerableRepeatedTestCommand.cs(16,46): error CS0246: The type or namespace name 'RepeatAttribute' could not be found (are you missing a using directive or an assembly reference?)\nLibrary/PackageCache/com.unity.test-framework@1.1.29/UnityEngine.TestRunner/TestRunner/RuntimeTestRunnerFilter.cs(61,45): error CS0246: The type or namespace name 'ITestFilter' could not be found (are you missing a using directive or an assembly reference?)\nLibrary/PackageCache/com.unity.test-framework@1.1.29/UnityEngine.TestRunner/TestRunner/RuntimeTestRunnerFilter.cs(61,97): error CS0246: The type or namespace name 'TestFilter' could not be found (are you missing a using directive or an assembly reference?)\nLibrary/PackageCache/com.unity.test-framework@1.1.29/UnityEngine.TestRunner/NUnitExtensions/TestExtensions.cs(63,46): error CS0246: The type or namespace name 'ITest' could not be found (are you missing a using directive or an assembly reference?)\nLibrary/PackageCache/com.unity.test-framework@1.1.29/UnityEngine.TestRunner/NUnitExtensions/Commands/EnumerableTestMethodCommand.cs(130,44): error CS0246: The type or namespace name 'ITestExecutionContext' could not be found (are you missing a using directive or an assembly reference?)\nLibrary/PackageCache/com.unity.test-framework@1.1.29/UnityEngine.TestRunner/NUnitExtensions/Commands/EnumerableTestMethodCommand.cs(130,25): error CS0246: The type or namespace name 'TestResult' could not be found (are you missing a using directive or an assembly reference?)\nLibrary/PackageCache/com.unity.test-framework@1.1.29/UnityEngine.TestRunner/NUnitExtensions/Runner/CompositeWorkItem.cs(268,34): error CS0246: The type or namespace name 'ResultState' could not be found (are you missing a using directive or an assembly reference?)\nLibrary/PackageCache/com.unity.test-framework@1.1.29/UnityEngine.TestRunner/NUnitExtensions/Commands/BeforeAfterTestCommandBase.cs(85,76): error CS0246: The type or namespace name 'Test' could not be found (are you missing a using directive or an assembly reference?)\nLibrary/PackageCache/com.unity.test-framework@1.1.29/UnityEngine.TestRunner/NUnitExtensions/Commands/EnumerableSetUpTearDownCommand.cs(31,77): error CS0246: The type or namespace name 'Test' could not be found (are you missing a using directive or an assembly reference?)\nLibrary/PackageCache/com.unity.test-framework@1.1.29/UnityEngine.TestRunner/NUnitExtensions/TestExtensions.cs(69,47): error CS0246: The type or namespace name 'ITest' could not be found (are you missing a using directive or an assembly reference?)\nLibrary/PackageCache/com.unity.test-framework@1.1.29/UnityEngine.TestRunner/NUnitExtensions/Commands/EnumerableTestMethodCommand.cs(18,26): error CS0246: The type or namespace name 'TestMethod' could not be found (are you missing a using directive or an assembly reference?)\nLibrary/PackageCache/com.unity.test-framework@1.1.29/UnityEngine.TestRunner/NUnitExtensions/Commands/BeforeAfterTestCommandBase.cs(76,63): error CS0246: The type or namespace name 'Test' could not be found (are you missing a using directive or an assembly reference?)\nLibrary/PackageCache/com.unity.test-framework@1.1.29/UnityEngine.TestRunner/NUnitExtensions/Commands/BeforeAfterTestCommandBase.cs(76,74): error CS0246: The type or namespace name 'UnityTestExecutionContext' could not be found (are you missing a using directive or an assembly reference?)\nLibrary/PackageCache/com.unity.test-framework@1.1.29/UnityEngine.TestRunner/NUnitExtensions/TestExtensions.cs(75,39): error CS0246: The type or namespace name 'ITest' could not be found (are you missing a using directive or an assembly reference?)\nLibrary/PackageCache/com.unity.test-framework@1.1.29/UnityEngine.TestRunner/NUnitExtensions/Commands/TestActionCommand.cs(25,53): error CS0246: The type or namespace name 'ITestAction' could not be found (are you missing a using directive or an assembly reference?)\nLibrary/PackageCache/com.unity.test-framework@1.1.29/UnityEngine.TestRunner/NUnitExtensions/Commands/TestActionCommand.cs(25,73): error CS0246: The type or namespace name 'Test' could not be found (are you missing a using directive or an assembly reference?)\nLibrary/PackageCache/com.unity.test-framework@1.1.29/UnityEngine.TestRunner/NUnitExtensions/Commands/TestActionCommand.cs(25,84): error CS0246: The type or namespace name 'UnityTestExecutionContext' could not be found (are you missing a using directive or an assembly reference?)\nLibrary/PackageCache/com.unity.test-framework@1.1.29/UnityEngine.TestRunner/NUnitExtensions/Commands/OuterUnityTestActionCommand.cs(23,53): error CS0246: The type or namespace name 'IOuterUnityTestAction' could not be found (are you missing a using directive or an assembly reference?)\nLibrary/PackageCache/com.unity.test-framework@1.1.29/UnityEngine.TestRunner/NUnitExtensions/Commands/OuterUnityTestActionCommand.cs(23,83): error CS0246: The type or namespace name 'Test' could not be found (are you missing a using directive or an assembly reference?)\nLibrary/PackageCache/com.unity.test-framework@1.1.29/UnityEngine.TestRunner/NUnitExtensions/Commands/OuterUnityTestActionCommand.cs(23,94): error CS0246: The type or namespace name 'UnityTestExecutionContext' could not be found (are you missing a using directive or an assembly reference?)\nLibrary/PackageCache/com.unity.test-framework@1.1.29/UnityEngine.TestRunner/NUnitExtensions/Commands/SetUpTearDownCommand.cs(32,72): error CS0246: The type or namespace name 'Test' could not be found (are you missing a using directive or an assembly reference?)\nLibrary/PackageCache/com.unity.test-framework@1.1.29/UnityEngine.TestRunner/NUnitExtensions/Commands/SetUpTearDownCommand.cs(32,83): error CS0246: The type or namespace name 'UnityTestExecutionContext' could not be found (are you missing a using directive or an assembly reference?)\nLibrary/PackageCache/com.unity.test-framework@1.1.29/UnityEngine.TestRunner/NUnitExtensions/Runner/CompositeWorkItem.cs(274,35): error CS0246: The type or namespace name 'TestSuite' could not be found (are you missing a using directive or an assembly reference?)\nLibrary/PackageCache/com.unity.test-framework@1.1.29/UnityEngine.TestRunner/NUnitExtensions/Runner/CompositeWorkItem.cs(274,52): error CS0246: The type or namespace name 'ResultState' could not be found (are you missing a using directive or an assembly reference?)\nLibrary/PackageCache/com.unity.test-framework@1.1.29/UnityEngine.TestRunner/NUnitExtensions/Runner/CompositeWorkItem.cs(40,40): error CS0115: 'CompositeWorkItem.PerformWork()': no suitable method found to override\nLibrary/PackageCache/com.unity.test-framework@1.1.29/UnityEngine.TestRunner/NUnitExtensions/Runner/CompositeWorkItem.cs(344,30): error CS0115: 'CompositeWorkItem.Cancel(bool)': no suitable method found to override\nLibrary/PackageCache/com.unity.test-framework@1.1.29/UnityEngine.TestRunner/NUnitExtensions/TestExtensions.cs(89,49): error CS0246: The type or namespace name 'ITest' could not be found (are you missing a using directive or an assembly reference?)\nLibrary/PackageCache/com.unity.test-framework@1.1.29/UnityEngine.TestRunner/NUnitExtensions/Commands/EnumerableTestMethodCommand.cs(20,44): error CS0246: The type or namespace name 'TestMethod' could not be found (are you missing a using directive or an assembly reference?)\nLibrary/PackageCache/com.unity.test-framework@1.1.29/UnityEngine.TestRunner/NUnitExtensions/TestExtensions.cs(105,47): error CS0246: The type or namespace name 'ITest' could not be found (are you missing a using directive or an assembly reference?)\nLibrary/PackageCache/com.unity.test-framework@1.1.29/UnityEngine.TestRunner/NUnitExtensions/Commands/BeforeAfterTestCommandBase.cs(80,77): error CS0246: The type or namespace name 'Test' could not be found (are you missing a using directive or an assembly reference?)\nLibrary/PackageCache/com.unity.test-framework@1.1.29/UnityEngine.TestRunner/NUnitExtensions/Runner/CompositeWorkItem.cs(19,26): error CS0246: The type or namespace name 'TestSuite' could not be found (are you missing a using directive or an assembly reference?)\nLibrary/PackageCache/com.unity.test-framework@1.1.29/UnityEngine.TestRunner/NUnitExtensions/Commands/EnumerableSetUpTearDownCommand.cs(37,78): error CS0246: The type or namespace name 'Test' could not be found (are you missing a using directive or an assembly reference?)\nLibrary/PackageCache/com.unity.test-framework@1.1.29/UnityEngine.TestRunner/NUnitExtensions/Commands/EnumerableTestMethodCommand.cs(105,30): error CS0246: The type or namespace name 'ITestExecutionContext' could not be found (are you missing a using directive or an assembly reference?)\nLibrary/PackageCache/com.unity.test-framework@1.1.29/UnityEngine.TestRunner/NUnitExtensions/TestExtensions.cs(122,61): error CS0246: The type or namespace name 'ITest' could not be found (are you missing a using directive or an assembly reference?)\nLibrary/PackageCache/com.unity.test-framework@1.1.29/UnityEngine.TestRunner/NUnitExtensions/Commands/BeforeAfterTestCommandBase.cs(78,62): error CS0246: The type or namespace name 'Test' could not be found (are you missing a using directive or an assembly reference?)\nLibrary/PackageCache/com.unity.test-framework@1.1.29/UnityEngine.TestRunner/NUnitExtensions/Commands/BeforeAfterTestCommandBase.cs(78,73): error CS0246: The type or namespace name 'UnityTestExecutionContext' could not be found (are you missing a using directive or an assembly reference?)\nLibrary/PackageCache/com.unity.test-framework@1.1.29/UnityEngine.TestRunner/NUnitExtensions/Commands/SetUpTearDownCommand.cs(39,71): error CS0246: The type or namespace name 'Test' could not be found (are you missing a using directive or an assembly reference?)\nLibrary/PackageCache/com.unity.test-framework@1.1.29/UnityEngine.TestRunner/NUnitExtensions/Commands/SetUpTearDownCommand.cs(39,82): error CS0246: The type or namespace name 'UnityTestExecutionContext' could not be found (are you missing a using directive or an assembly reference?)\nLibrary/PackageCache/com.unity.test-framework@1.1.29/UnityEngine.TestRunner/NUnitExtensions/Commands/TestActionCommand.cs(31,52): error CS0246: The type or namespace name 'ITestAction' could not be found (are you missing a using directive or an assembly reference?)\nLibrary/PackageCache/com.unity.test-framework@1.1.29/UnityEngine.TestRunner/NUnitExtensions/Commands/TestActionCommand.cs(31,72): error CS0246: The type or namespace name 'Test' could not be found (are you missing a using directive or an assembly reference?)\nLibrary/PackageCache/com.unity.test-framework@1.1.29/UnityEngine.TestRunner/NUnitExtensions/Commands/TestActionCommand.cs(31,83): error CS0246: The type or namespace name 'UnityTestExecutionContext' could not be found (are you missing a using directive or an assembly reference?)\nLibrary/PackageCache/com.unity.test-framework@1.1.29/UnityEngine.TestRunner/NUnitExtensions/Commands/OuterUnityTestActionCommand.cs(28,52): error CS0246: The type or namespace name 'IOuterUnityTestAction' could not be found (are you missing a using directive or an assembly reference?)\nLibrary/PackageCache/com.unity.test-framework@1.1.29/UnityEngine.TestRunner/NUnitExtensions/Commands/OuterUnityTestActionCommand.cs(28,82): error CS0246: The type or namespace name 'Test' could not be found (are you missing a using directive or an assembly reference?)\nLibrary/PackageCache/com.unity.test-framework@1.1.29/UnityEngine.TestRunner/NUnitExtensions/Commands/OuterUnityTestActionCommand.cs(28,93): error CS0246: The type or namespace name 'UnityTestExecutionContext' could not be found (are you missing a using directive or an assembly reference?)\nLibrary/PackageCache/com.unity.test-framework@1.1.29/UnityEngine.TestRunner/NUnitExtensions/Runner/CompositeWorkItem.cs(20,26): error CS0246: The type or namespace name 'TestSuiteResult' could not be found (are you missing a using directive or an assembly reference?)\nLibrary/PackageCache/com.unity.test-framework@1.1.29/UnityEngine.TestRunner/NUnitExtensions/TestExtensions.cs(137,45): error CS0246: The type or namespace name 'ITest' could not be found (are you missing a using directive or an assembly reference?)\nLibrary/PackageCache/com.unity.test-framework@1.1.29/UnityEngine.TestRunner/NUnitExtensions/Commands/EnumerableTestMethodCommand.cs(107,38): error CS0246: The type or namespace name 'ITestExecutionContext' could not be found (are you missing a using directive or an assembly reference?)\nLibrary/PackageCache/com.unity.test-framework@1.1.29/UnityEngine.TestRunner/NUnitExtensions/Commands/EnumerableSetUpTearDownCommand.cs(43,72): error CS0246: The type or namespace name 'Test' could not be found (are you missing a using directive or an assembly reference?)\nLibrary/PackageCache/com.unity.test-framework@1.1.29/UnityEngine.TestRunner/NUnitExtensions/Commands/EnumerableSetUpTearDownCommand.cs(43,83): error CS0246: The type or namespace name 'UnityTestExecutionContext' could not be found (are you missing a using directive or an assembly reference?)\nLibrary/PackageCache/com.unity.test-framework@1.1.29/UnityEngine.TestRunner/NUnitExtensions/Runner/CompositeWorkItem.cs(21,26): error CS0246: The type or namespace name 'ITestFilter' could not be found (are you missing a using directive or an assembly reference?)\nLibrary/PackageCache/com.unity.test-framework@1.1.29/UnityEngine.TestRunner/NUnitExtensions/TestExtensions.cs(142,49): error CS0246: The type or namespace name 'ITest' could not be found (are you missing a using directive or an assembly reference?)\nLibrary/PackageCache/com.unity.test-framework@1.1.29/UnityEngine.TestRunner/NUnitExtensions/TestExtensions.cs(150,47): error CS0246: The type or namespace name 'ITest' could not be found (are you missing a using directive or an assembly reference?)\nLibrary/PackageCache/com.unity.test-framework@1.1.29/UnityEngine.TestRunner/NUnitExtensions/Runner/CompositeWorkItem.cs(22,17): error CS0246: The type or namespace name 'TestCommand' could not be found (are you missing a using directive or an assembly reference?)\nLibrary/PackageCache/com.unity.test-framework@1.1.29/UnityEngine.TestRunner/NUnitExtensions/TestExtensions.cs(158,53): error CS0246: The type or namespace name 'ITest' could not be found (are you missing a using directive or an assembly reference?)\nLibrary/PackageCache/com.unity.test-framework@1.1.29/UnityEngine.TestRunner/NUnitExtensions/Commands/BeforeAfterTestCommandBase.cs(90,65): error CS0246: The type or namespace name 'UnityTestExecutionContext' could not be found (are you missing a using directive or an assembly reference?)\nLibrary/PackageCache/com.unity.test-framework@1.1.29/UnityEngine.TestRunner/NUnitExtensions/Commands/BeforeAfterTestCommandBase.cs(90,28): error CS0246: The type or namespace name 'BeforeAfterTestCommandState' could not be found (are you missing a using directive or an assembly reference?)\nLibrary/PackageCache/com.unity.test-framework@1.1.29/UnityEngine.TestRunner/NUnitExtensions/Commands/EnumerableSetUpTearDownCommand.cs(48,71): error CS0246: The type or namespace name 'Test' could not be found (are you missing a using directive or an assembly reference?)\nLibrary/PackageCache/com.unity.test-framework@1.1.29/UnityEngine.TestRunner/NUnitExtensions/Commands/EnumerableSetUpTearDownCommand.cs(48,82): error CS0246: The type or namespace name 'UnityTestExecutionContext' could not be found (are you missing a using directive or an assembly reference?)\nLibrary/PackageCache/com.unity.test-framework@1.1.29/UnityEngine.TestRunner/NUnitExtensions/Commands/TestActionCommand.cs(37,65): error CS0246: The type or namespace name 'UnityTestExecutionContext' could not be found (are you missing a using directive or an assembly reference?)\nLibrary/PackageCache/com.unity.test-framework@1.1.29/UnityEngine.TestRunner/NUnitExtensions/Commands/TestActionCommand.cs(37,28): error CS0246: The type or namespace name 'BeforeAfterTestCommandState' could not be found (are you missing a using directive or an assembly reference?)\nLibrary/PackageCache/com.unity.test-framework@1.1.29/UnityEngine.TestRunner/NUnitExtensions/Commands/OuterUnityTestActionCommand.cs(33,65): error CS0246: The type or namespace name 'UnityTestExecutionContext' could not be found (are you missing a using directive or an assembly reference?)\nLibrary/PackageCache/com.unity.test-framework@1.1.29/UnityEngine.TestRunner/NUnitExtensions/Commands/OuterUnityTestActionCommand.cs(33,28): error CS0246: The type or namespace name 'BeforeAfterTestCommandState' could not be found (are you missing a using directive or an assembly reference?)\nLibrary/PackageCache/com.unity.test-framework@1.1.29/UnityEngine.TestRunner/NUnitExtensions/Runner/CompositeWorkItem.cs(23,17): error CS0246: The type or namespace name 'TestCommand' could not be found (are you missing a using directive or an assembly reference?)\nLibrary/PackageCache/com.unity.test-framework@1.1.29/UnityEngine.TestRunner/NUnitExtensions/Commands/SetUpTearDownCommand.cs(46,65): error CS0246: The type or namespace name 'UnityTestExecutionContext' could not be found (are you missing a using directive or an assembly reference?)\nLibrary/PackageCache/com.unity.test-framework@1.1.29/UnityEngine.TestRunner/NUnitExtensions/Commands/SetUpTearDownCommand.cs(46,28): error CS0246: The type or namespace name 'BeforeAfterTestCommandState' could not be found (are you missing a using directive or an assembly reference?)\nLibrary/PackageCache/com.unity.test-framework@1.1.29/UnityEngine.TestRunner/NUnitExtensions/TestExtensions.cs(166,55): error CS0246: The type or namespace name 'ITest' could not be found (are you missing a using directive or an assembly reference?)\nLibrary/PackageCache/com.unity.test-framework@1.1.29/UnityEngine.TestRunner/NUnitExtensions/Commands/BeforeAfterTestCommandBase.cs(92,46): error CS0246: The type or namespace name 'ITestExecutionContext' could not be found (are you missing a using directive or an assembly reference?)\nLibrary/PackageCache/com.unity.test-framework@1.1.29/UnityEngine.TestRunner/NUnitExtensions/Commands/EnumerableSetUpTearDownCommand.cs(53,65): error CS0246: The type or namespace name 'UnityTestExecutionContext' could not be found (are you missing a using directive or an assembly reference?)\nLibrary/PackageCache/com.unity.test-framework@1.1.29/UnityEngine.TestRunner/NUnitExtensions/Commands/EnumerableSetUpTearDownCommand.cs(53,28): error CS0246: The type or namespace name 'BeforeAfterTestCommandState' could not be found (are you missing a using directive or an assembly reference?)\nLibrary/PackageCache/com.unity.test-framework@1.1.29/UnityEngine.TestRunner/NUnitExtensions/Commands/BeforeAfterTestCommandBase.cs(264,44): error CS0246: The type or namespace name 'ITestExecutionContext' could not be found (are you missing a using directive or an assembly reference?)\nLibrary/PackageCache/com.unity.test-framework@1.1.29/UnityEngine.TestRunner/NUnitExtensions/Commands/BeforeAfterTestCommandBase.cs(264,25): error CS0246: The type or namespace name 'TestResult' could not be found (are you missing a using directive or an assembly reference?)\nLibrary/PackageCache/com.unity.test-framework@1.1.29/UnityEngine.TestRunner/NUnitExtensions/Runner/CompositeWorkItem.cs(31,34): error CS0246: The type or namespace name 'TestSuite' could not be found (are you missing a using directive or an assembly reference?)\nLibrary/PackageCache/com.unity.test-framework@1.1.29/UnityEngine.TestRunner/NUnitExtensions/Runner/CompositeWorkItem.cs(31,51): error CS0246: The type or namespace name 'ITestFilter' could not be found (are you missing a using directive or an assembly reference?)\nLibrary/PackageCache/com.unity.test-framework@1.1.29/UnityEngine.TestRunner/NUnitExtensions/Runner/CompositeWorkItem.cs(31,76): error CS0246: The type or namespace name 'WorkItemFactory' could not be found (are you missing a using directive or an assembly reference?)\nLibrary/PackageCache/com.unity.test-framework@1.1.29/UnityEngine.TestRunner/NUnitExtensions/Commands/BeforeAfterTestCommandBase.cs(270,47): error CS0246: The type or namespace name 'ITestExecutionContext' could not be found (are you missing a using directive or an assembly reference?)\nLibrary/PackageCache/com.unity.test-framework@1.1.29/UnityEngine.TestRunner/NUnitExtensions/Commands/OuterUnityTestActionCommand.cs(12,53): error CS0246: The type or namespace name 'IOuterUnityTestAction' could not be found (are you missing a using directive or an assembly reference?)\nLibrary/PackageCache/com.unity.test-framework@1.1.29/UnityEngine.TestRunner/NUnitExtensions/Commands/TestActionCommand.cs(13,53): error CS0246: The type or namespace name 'ITestAction' could not be found (are you missing a using directive or an assembly reference?)\nLibrary/PackageCache/com.unity.test-framework@1.1.29/UnityEngine.TestRunner/NUnitExtensions/Runner/CompositeWorkItem.cs(246,62): error CS0246: The type or namespace name 'UnityWorkItem' could not be found (are you missing a using directive or an assembly reference?)\nLibrary/PackageCache/com.unity.test-framework@1.1.29/UnityEngine.TestRunner/NUnitExtensions/Commands/OuterUnityTestActionCommand.cs(13,44): error CS0246: The type or namespace name 'TestCommand' could not be found (are you missing a using directive or an assembly reference?)\nLibrary/PackageCache/com.unity.test-framework@1.1.29/UnityEngine.TestRunner/NUnitExtensions/Commands/TestActionCommand.cs(15,34): error CS0246: The type or namespace name 'TestCommand' could not be found (are you missing a using directive or an assembly reference?)\nLibrary/PackageCache/com.unity.test-framework@1.1.29/UnityEngine.TestRunner/NUnitExtensions/Commands/BeforeAfterTestCommandBase.cs(281,25): error CS0246: The type or namespace name 'TestCommandPcHelper' could not be found (are you missing a using directive or an assembly reference?)\nLibrary/PackageCache/com.unity.test-framework@1.1.29/UnityEngine.TestRunner/NUnitExtensions/Commands/EnumerableSetUpTearDownCommand.cs(18,47): error CS0246: The type or namespace name 'TestCommand' could not be found (are you missing a using directive or an assembly reference?)\nLibrary/PackageCache/com.unity.test-framework@1.1.29/UnityEngine.TestRunner/NUnitExtensions/Commands/SetUpTearDownCommand.cs(19,37): error CS0246: The type or namespace name 'TestCommand' could not be found (are you missing a using directive or an assembly reference?)\nLibrary/PackageCache/com.unity.test-framework@1.1.29/UnityEngine.TestRunner/NUnitExtensions/Runner/CompositeWorkItem.cs(248,32): error CS0246: The type or namespace name 'UnityWorkItem' could not be found (are you missing a using directive or an assembly reference?)\nLibrary/PackageCache/com.unity.test-framework@1.1.29/UnityEngine.TestRunner/NUnitExtensions/Runner/CompositeWorkItem.cs(248,49): error CS0246: The type or namespace name 'UnityWorkItem' could not be found (are you missing a using directive or an assembly reference?)\nLibrary/PackageCache/com.unity.test-framework@1.1.29/UnityEngine.TestRunner/NUnitExtensions/Commands/BeforeAfterTestCommandBase.cs(22,46): error CS0246: The type or namespace name 'TestCommand' could not be found (are you missing a using directive or an assembly reference?)\nLibrary/PackageCache/com.unity.test-framework@1.1.29/UnityEngine.TestRunner/NUnitExtensions/Commands/BeforeAfterTestCommandBase.cs(269,24): error CS0246: The type or namespace name 'TestCommandPcHelper' could not be found (are you missing a using directive or an assembly reference?)"}
